0001_0045_0012_0040_0040.jpg 1 45 12 40 40
0002_0063_0044_0024_0024.jpg 1 63 44 24 24
0003_0044_0030_0044_0044.jpg 1 44 30 44 44
0004_0029_0037_0056_0056.jpg 1 29 37 56 56
0005_0031_0006_0057_0057.jpg 1 31 6 57 57
0006_0003_0003_0069_0069.jpg 1 3 3 69 69
0007_0057_0007_0036_0036.jpg 1 57 7 36 36
0008_0006_0010_0048_0048.jpg 1 6 10 48 48
0009_0025_0022_0069_0069.jpg 1 25 22 69 69
0010_0015_0033_0060_0060.jpg 1 15 33 60 60
0011_0013_0061_0031_0031.jpg 1 13 61 31 31
0012_0028_0045_0040_0040.jpg 1 28 45 40 40
0013_0015_0037_0040_0040.jpg 1 15 37 40 40
0014_0024_0017_0060_0060.jpg 1 24 17 60 60
0015_0009_0039_0043_0043.jpg 1 9 39 43 43
0016_0013_0030_0040_0040.jpg 1 13 30 40 40
0017_0026_0042_0052_0052.jpg 1 26 42 52 52
0018_0029_0048_0036_0036.jpg 1 29 48 36 36
0019_0045_0020_0027_0027.jpg 1 45 20 27 27
0020_0007_0026_0061_0061.jpg 1 7 26 61 61
0021_0024_0022_0046_0046.jpg 1 24 22 46 46
0022_0018_0017_0060_0060.jpg 1 18 17 60 60
0023_0033_0036_0044_0044.jpg 1 33 36 44 44
0024_0007_0026_0068_0068.jpg 1 7 26 68 68
0025_0054_0037_0034_0034.jpg 1 54 37 34 34
0026_0012_0039_0053_0053.jpg 1 12 39 53 53
0027_0014_0033_0049_0049.jpg 1 14 33 49 49
0028_0010_0046_0047_0047.jpg 1 10 46 47 47
0029_0063_0014_0026_0026.jpg 1 63 14 26 26
0030_0025_0025_0046_0046.jpg 1 25 25 46 46
0031_0017_0006_0068_0068.jpg 1 17 6 68 68
0032_0028_0026_0064_0064.jpg 1 28 26 64 64
0033_0037_0049_0028_0028.jpg 1 37 49 28 28
0034_0015_0023_0068_0068.jpg 1 15 23 68 68
0035_0039_0011_0029_0029.jpg 1 39 11 29 29
0036_0015_0028_0037_0037.jpg 1 15 28 37 37
0037_0018_0013_0065_0065.jpg 1 18 13 65 65
0038_0021_0030_0062_0062.jpg 1 21 30 62 62
0039_0020_0005_0062_0062.jpg 1 20 5 62 62
0040_0029_0021_0046_0046.jpg 1 29 21 46 46
0041_0058_0047_0030_0030.jpg 1 58 47 30 30
0042_0010_0026_0067_0067.jpg 1 10 26 67 67
0043_0047_0037_0029_0029.jpg 1 47 37 29 29
0044_0007_0012_0062_0062.jpg 1 7 12 62 62
0045_0035_0008_0030_0030.jpg 1 35 8 30 30
0046_0023_0007_0068_0068.jpg 1 23 7 68 68
0047_0011_0034_0035_0035.jpg 1 11 34 35 35
0048_0018_0021_0053_0053.jpg 1 18 21 53 53
0049_0046_0013_0046_0046.jpg 1 46 13 46 46
0050_0015_0040_0039_0039.jpg 1 15 40 39 39
0051_0027_0024_0052_0052.jpg 1 27 24 52 52
0052_0026_0026_0069_0069.jpg 1 26 26 69 69
0053_0023_0021_0065_0065.jpg 1 23 21 65 65
0054_0011_0028_0050_0050.jpg 1 11 28 50 50
0055_0027_0020_0057_0057.jpg 1 27 20 57 57
0056_0009_0012_0043_0043.jpg 1 9 12 43 43
0057_0036_0006_0040_0040.jpg 1 36 6 40 40
0058_0024_0028_0040_0040.jpg 1 24 28 40 40
0059_0012_0028_0058_0058.jpg 1 12 28 58 58
0060_0014_0036_0051_0051.jpg 1 14 36 51 51
0061_0005_0011_0069_0069.jpg 1 5 11 69 69
0062_0035_0038_0055_0055.jpg 1 35 38 55 55
0063_0048_0020_0024_0024.jpg 1 48 20 24 24
0064_0011_0033_0055_0055.jpg 1 11 33 55 55
0065_0021_0015_0042_0042.jpg 1 21 15 42 42
0066_0028_0012_0047_0047.jpg 1 28 12 47 47
0067_0008_0025_0056_0056.jpg 1 8 25 56 56
0068_0042_0061_0029_0029.jpg 1 42 61 29 29
0069_0051_0020_0029_0029.jpg 1 51 20 29 29
0070_0006_0010_0062_0062.jpg 1 6 10 62 62
0071_0009_0026_0058_0058.jpg 1 9 26 58 58
0072_0028_0040_0036_0036.jpg 1 28 40 36 36
0073_0028_0057_0026_0026.jpg 1 28 57 26 26
0074_0009_0006_0039_0039.jpg 1 9 6 39 39
0075_0004_0016_0067_0067.jpg 1 4 16 67 67
0076_0035_0038_0040_0040.jpg 1 35 38 40 40
0077_0013_0027_0055_0055.jpg 1 13 27 55 55
0078_0052_0030_0025_0025.jpg 1 52 30 25 25
0079_0057_0021_0032_0032.jpg 1 57 21 32 32
0080_0013_0024_0047_0047.jpg 1 13 24 47 47
0081_0012_0006_0062_0062.jpg 1 12 6 62 62
0082_0012_0024_0047_0047.jpg 1 12 24 47 47
0083_0058_0058_0034_0034.jpg 1 58 58 34 34
0084_0037_0023_0040_0040.jpg 1 37 23 40 40
0085_0030_0008_0050_0050.jpg 1 30 8 50 50
0086_0014_0032_0056_0056.jpg 1 14 32 56 56
0087_0019_0004_0061_0061.jpg 1 19 4 61 61
0088_0022_0034_0057_0057.jpg 1 22 34 57 57
0089_0007_0033_0050_0050.jpg 1 7 33 50 50
0090_0022_0021_0052_0052.jpg 1 22 21 52 52
0091_0015_0011_0069_0069.jpg 1 15 11 69 69
0092_0036_0014_0058_0058.jpg 1 36 14 58 58
0093_0037_0053_0032_0032.jpg 1 37 53 32 32
0094_0054_0060_0032_0032.jpg 1 54 60 32 32
0095_0023_0023_0057_0057.jpg 1 23 23 57 57
0096_0014_0042_0035_0035.jpg 1 14 42 35 35
0097_0020_0031_0035_0035.jpg 1 20 31 35 35
0098_0044_0031_0046_0046.jpg 1 44 31 46 46
0099_0032_0036_0042_0042.jpg 1 32 36 42 42
0100_0014_0028_0044_0044.jpg 1 14 28 44 44
0101_0023_0048_0046_0046.jpg 1 23 48 46 46
0102_0021_0050_0041_0041.jpg 1 21 50 41 41
0103_0030_0014_0061_0061.jpg 1 30 14 61 61
0104_0043_0051_0041_0041.jpg 1 43 51 41 41
0105_0011_0037_0025_0025.jpg 1 11 37 25 25
0106_0032_0019_0047_0047.jpg 1 32 19 47 47
0107_0019_0033_0031_0031.jpg 1 19 33 31 31
0108_0013_0024_0046_0046.jpg 1 13 24 46 46
0109_0028_0020_0066_0066.jpg 1 28 20 66 66
0110_0008_0028_0028_0028.jpg 1 8 28 28 28
0111_0012_0050_0040_0040.jpg 1 12 50 40 40
0112_0021_0017_0065_0065.jpg 1 21 17 65 65
0113_0006_0016_0059_0059.jpg 1 6 16 59 59
0114_0010_0024_0031_0031.jpg 1 10 24 31 31
0115_0024_0039_0050_0050.jpg 1 24 39 50 50
0116_0014_0036_0026_0026.jpg 1 14 36 26 26
0117_0024_0013_0046_0046.jpg 1 24 13 46 46
0118_0006_0008_0054_0054.jpg 1 6 8 54 54
0119_0014_0022_0068_0068.jpg 1 14 22 68 68
0120_0037_0063_0026_0026.jpg 1 37 63 26 26
0121_0022_0026_0067_0067.jpg 1 22 26 67 67
0122_0016_0041_0052_0052.jpg 1 16 41 52 52
0123_0050_0022_0025_0025.jpg 1 50 22 25 25
0124_0009_0010_0059_0059.jpg 1 9 10 59 59
0125_0022_0025_0046_0046.jpg 1 22 25 46 46
0126_0010_0009_0065_0065.jpg 1 10 9 65 65
0127_0006_0029_0039_0039.jpg 1 6 29 39 39
0128_0035_0039_0052_0052.jpg 1 35 39 52 52
0129_0027_0011_0044_0044.jpg 1 27 11 44 44
0130_0034_0032_0037_0037.jpg 1 34 32 37 37
0131_0026_0044_0048_0048.jpg 1 26 44 48 48
0132_0060_0061_0026_0026.jpg 1 60 61 26 26
0133_0022_0027_0036_0036.jpg 1 22 27 36 36
0134_0034_0027_0058_0058.jpg 1 34 27 58 58
0135_0018_0022_0051_0051.jpg 1 18 22 51 51
0136_0023_0010_0061_0061.jpg 1 23 10 61 61
0137_0021_0044_0041_0041.jpg 1 21 44 41 41
0138_0019_0025_0066_0066.jpg 1 19 25 66 66
0139_0024_0029_0052_0052.jpg 1 24 29 52 52
0140_0022_0020_0049_0049.jpg 1 22 20 49 49
0141_0026_0014_0054_0054.jpg 1 26 14 54 54
0142_0016_0007_0041_0041.jpg 1 16 7 41 41
0143_0014_0020_0057_0057.jpg 1 14 20 57 57
0144_0049_0064_0024_0024.jpg 1 49 64 24 24
0145_0024_0047_0043_0043.jpg 1 24 47 43 43
0146_0010_0022_0054_0054.jpg 1 10 22 54 54
0147_0019_0021_0064_0064.jpg 1 19 21 64 64
0148_0018_0005_0064_0064.jpg 1 18 5 64 64
0149_0025_0010_0061_0061.jpg 1 25 10 61 61
0150_0024_0037_0045_0045.jpg 1 24 37 45 45
0151_0019_0038_0033_0033.jpg 1 19 38 33 33
0152_0021_0035_0052_0052.jpg 1 21 35 52 52
0153_0009_0004_0059_0059.jpg 1 9 4 59 59
0154_0027_0040_0036_0036.jpg 1 27 40 36 36
0155_0044_0015_0042_0042.jpg 1 44 15 42 42
0156_0033_0011_0049_0049.jpg 1 33 11 49 49
0157_0034_0026_0026_0026.jpg 1 34 26 26 26
0158_0011_0033_0060_0060.jpg 1 11 33 60 60
0159_0026_0012_0049_0049.jpg 1 26 12 49 49
0160_0020_0019_0031_0031.jpg 1 20 19 31 31
0161_0012_0055_0033_0033.jpg 1 12 55 33 33
0162_0037_0034_0053_0053.jpg 1 37 34 53 53
0163_0047_0010_0039_0039.jpg 1 47 10 39 39
0164_0013_0025_0059_0059.jpg 1 13 25 59 59
0165_0031_0040_0032_0032.jpg 1 31 40 32 32
0166_0037_0052_0029_0029.jpg 1 37 52 29 29
0167_0053_0007_0031_0031.jpg 1 53 7 31 31
0168_0026_0016_0061_0061.jpg 1 26 16 61 61
0169_0048_0050_0041_0041.jpg 1 48 50 41 41
0170_0042_0033_0031_0031.jpg 1 42 33 31 31
0171_0033_0043_0039_0039.jpg 1 33 43 39 39
0172_0033_0037_0028_0028.jpg 1 33 37 28 28
0173_0020_0040_0027_0027.jpg 1 20 40 27 27
0174_0035_0025_0039_0039.jpg 1 35 25 39 39
0175_0013_0039_0050_0050.jpg 1 13 39 50 50
0176_0052_0048_0031_0031.jpg 1 52 48 31 31
0177_0008_0062_0028_0028.jpg 1 8 62 28 28
0178_0018_0017_0058_0058.jpg 1 18 17 58 58
0179_0043_0014_0042_0042.jpg 1 43 14 42 42
0180_0012_0011_0055_0055.jpg 1 12 11 55 55
0181_0032_0015_0056_0056.jpg 1 32 15 56 56
0182_0021_0025_0065_0065.jpg 1 21 25 65 65
0183_0033_0040_0043_0043.jpg 1 33 40 43 43
0184_0016_0006_0052_0052.jpg 1 16 6 52 52
0185_0033_0013_0048_0048.jpg 1 33 13 48 48
0186_0041_0037_0050_0050.jpg 1 41 37 50 50
0187_0007_0007_0045_0045.jpg 1 7 7 45 45
0188_0009_0009_0067_0067.jpg 1 9 9 67 67
0189_0033_0042_0034_0034.jpg 1 33 42 34 34
0190_0010_0015_0065_0065.jpg 1 10 15 65 65
0191_0027_0028_0061_0061.jpg 1 27 28 61 61
0192_0023_0011_0054_0054.jpg 1 23 11 54 54
0193_0047_0013_0038_0038.jpg 1 47 13 38 38
0194_0060_0010_0024_0024.jpg 1 60 10 24 24
0195_0029_0047_0041_0041.jpg 1 29 47 41 41
0196_0021_0025_0046_0046.jpg 1 21 25 46 46
0197_0029_0044_0028_0028.jpg 1 29 44 28 28
0198_0013_0020_0054_0054.jpg 1 13 20 54 54
0199_0048_0021_0027_0027.jpg 1 48 21 27 27
0200_0024_0005_0049_0049.jpg 1 24 5 49 49
0201_0011_0010_0059_0059.jpg 1 11 10 59 59
0202_0048_0037_0026_0026.jpg 1 48 37 26 26
0203_0013_0056_0024_0024.jpg 1 13 56 24 24
0204_0017_0028_0057_0057.jpg 1 17 28 57 57
0205_0006_0022_0068_0068.jpg 1 6 22 68 68
0206_0023_0060_0031_0031.jpg 1 23 60 31 31
0207_0040_0040_0032_0032.jpg 1 40 40 32 32
0208_0011_0017_0059_0059.jpg 1 11 17 59 59
0209_0018_0028_0054_0054.jpg 1 18 28 54 54
0210_0008_0037_0035_0035.jpg 1 8 37 35 35
0211_0028_0036_0031_0031.jpg 1 28 36 31 31
0212_0048_0013_0038_0038.jpg 1 48 13 38 38
0213_0018_0025_0069_0069.jpg 1 18 25 69 69
0214_0009_0004_0065_0065.jpg 1 9 4 65 65
0215_0039_0007_0030_0030.jpg 1 39 7 30 30
0216_0041_0031_0035_0035.jpg 1 41 31 35 35
0217_0030_0024_0064_0064.jpg 1 30 24 64 64
0218_0021_0009_0044_0044.jpg 1 21 9 44 44
0219_0027_0031_0047_0047.jpg 1 27 31 47 47
0220_0031_0041_0052_0052.jpg 1 31 41 52 52
0221_0032_0020_0056_0056.jpg 1 32 20 56 56
0222_0031_0019_0062_0062.jpg 1 31 19 62 62
0223_0005_0013_0069_0069.jpg 1 5 13 69 69
0224_0054_0022_0024_0024.jpg 1 54 22 24 24
0225_0044_0022_0045_0045.jpg 1 44 22 45 45
0226_0032_0021_0058_0058.jpg 1 32 21 58 58
0227_0025_0015_0069_0069.jpg 1 25 15 69 69
0228_0014_0032_0050_0050.jpg 1 14 32 50 50
0229_0020_0041_0032_0032.jpg 1 20 41 32 32
0230_0041_0022_0027_0027.jpg 1 41 22 27 27
0231_0036_0009_0043_0043.jpg 1 36 9 43 43
0232_0039_0028_0049_0049.jpg 1 39 28 49 49
0233_0023_0022_0067_0067.jpg 1 23 22 67 67
0234_0041_0044_0042_0042.jpg 1 41 44 42 42
0235_0039_0014_0043_0043.jpg 1 39 14 43 43
0236_0045_0054_0036_0036.jpg 1 45 54 36 36
0237_0011_0020_0069_0069.jpg 1 11 20 69 69
0238_0019_0017_0067_0067.jpg 1 19 17 67 67
0239_0016_0007_0063_0063.jpg 1 16 7 63 63
0240_0057_0020_0025_0025.jpg 1 57 20 25 25
0241_0017_0025_0067_0067.jpg 1 17 25 67 67
0242_0012_0025_0048_0048.jpg 1 12 25 48 48
0243_0044_0035_0050_0050.jpg 1 44 35 50 50
0244_0041_0047_0035_0035.jpg 1 41 47 35 35
0245_0020_0009_0062_0062.jpg 1 20 9 62 62
0246_0016_0013_0050_0050.jpg 1 16 13 50 50
0247_0009_0049_0029_0029.jpg 1 9 49 29 29
0248_0051_0048_0040_0040.jpg 1 51 48 40 40
0249_0052_0027_0036_0036.jpg 1 52 27 36 36
0250_0029_0008_0033_0033.jpg 1 29 8 33 33
0251_0040_0031_0041_0041.jpg 1 40 31 41 41
0252_0022_0031_0039_0039.jpg 1 22 31 39 39
0253_0012_0036_0056_0056.jpg 1 12 36 56 56
0254_0053_0054_0026_0026.jpg 1 53 54 26 26
0255_0011_0057_0034_0034.jpg 1 11 57 34 34
0256_0029_0026_0066_0066.jpg 1 29 26 66 66
0257_0046_0016_0032_0032.jpg 1 46 16 32 32
0258_0021_0030_0049_0049.jpg 1 21 30 49 49
0259_0020_0022_0037_0037.jpg 1 20 22 37 37
0260_0018_0016_0040_0040.jpg 1 18 16 40 40
0261_0009_0015_0043_0043.jpg 1 9 15 43 43
0262_0029_0017_0064_0064.jpg 1 29 17 64 64
0263_0008_0013_0032_0032.jpg 1 8 13 32 32
0264_0028_0021_0038_0038.jpg 1 28 21 38 38
0265_0030_0032_0057_0057.jpg 1 30 32 57 57
0266_0041_0033_0038_0038.jpg 1 41 33 38 38
0267_0034_0013_0035_0035.jpg 1 34 13 35 35
0268_0060_0051_0026_0026.jpg 1 60 51 26 26
0269_0029_0012_0062_0062.jpg 1 29 12 62 62
0270_0047_0041_0041_0041.jpg 1 47 41 41 41
0271_0018_0023_0067_0067.jpg 1 18 23 67 67
0272_0034_0036_0056_0056.jpg 1 34 36 56 56
0273_0029_0027_0040_0040.jpg 1 29 27 40 40
0274_0008_0008_0069_0069.jpg 1 8 8 69 69
0275_0038_0030_0044_0044.jpg 1 38 30 44 44
0276_0020_0045_0027_0027.jpg 1 20 45 27 27
0277_0007_0031_0065_0065.jpg 1 7 31 65 65
0278_0031_0038_0035_0035.jpg 1 31 38 35 35
0279_0021_0040_0030_0030.jpg 1 21 40 30 30
0280_0012_0032_0045_0045.jpg 1 12 32 45 45
0281_0010_0021_0065_0065.jpg 1 10 21 65 65
0282_0020_0037_0056_0056.jpg 1 20 37 56 56
0283_0039_0026_0029_0029.jpg 1 39 26 29 29
0284_0036_0022_0057_0057.jpg 1 36 22 57 57
0285_0045_0028_0033_0033.jpg 1 45 28 33 33
0286_0045_0050_0032_0032.jpg 1 45 50 32 32
0287_0025_0033_0061_0061.jpg 1 25 33 61 61
0288_0017_0020_0068_0068.jpg 1 17 20 68 68
0289_0017_0038_0039_0039.jpg 1 17 38 39 39
0290_0022_0003_0065_0065.jpg 1 22 3 65 65
0291_0024_0014_0045_0045.jpg 1 24 14 45 45
0292_0015_0051_0040_0040.jpg 1 15 51 40 40
0293_0006_0005_0067_0067.jpg 1 6 5 67 67
0294_0009_0005_0061_0061.jpg 1 9 5 61 61
0295_0028_0027_0031_0031.jpg 1 28 27 31 31
0296_0032_0013_0057_0057.jpg 1 32 13 57 57
0297_0043_0038_0028_0028.jpg 1 43 38 28 28
0298_0012_0023_0054_0054.jpg 1 12 23 54 54
0299_0038_0010_0024_0024.jpg 1 38 10 24 24
0300_0024_0050_0030_0030.jpg 1 24 50 30 30
0301_0033_0045_0049_0049.jpg 1 33 45 49 49
0302_0007_0040_0045_0045.jpg 1 7 40 45 45
0303_0018_0022_0068_0068.jpg 1 18 22 68 68
0304_0057_0022_0032_0032.jpg 1 57 22 32 32
0305_0025_0032_0055_0055.jpg 1 25 32 55 55
0306_0004_0016_0064_0064.jpg 1 4 16 64 64
0307_0012_0036_0039_0039.jpg 1 12 36 39 39
0308_0013_0004_0066_0066.jpg 1 13 4 66 66
0309_0036_0044_0031_0031.jpg 1 36 44 31 31
0310_0011_0037_0030_0030.jpg 1 11 37 30 30
0311_0039_0025_0035_0035.jpg 1 39 25 35 35
0312_0041_0014_0052_0052.jpg 1 41 14 52 52
0313_0014_0018_0067_0067.jpg 1 14 18 67 67
0314_0027_0026_0034_0034.jpg 1 27 26 34 34
0315_0047_0031_0031_0031.jpg 1 47 31 31 31
0316_0024_0028_0065_0065.jpg 1 24 28 65 65
0317_0056_0039_0037_0037.jpg 1 56 39 37 37
0318_0049_0007_0040_0040.jpg 1 49 7 40 40
0319_0025_0024_0064_0064.jpg 1 25 24 64 64
0320_0007_0018_0062_0062.jpg 1 7 18 62 62
0321_0034_0035_0025_0025.jpg 1 34 35 25 25
0322_0026_0007_0058_0058.jpg 1 26 7 58 58
0323_0030_0014_0065_0065.jpg 1 30 14 65 65
0324_0009_0028_0059_0059.jpg 1 9 28 59 59
0325_0048_0046_0035_0035.jpg 1 48 46 35 35
0326_0051_0043_0040_0040.jpg 1 51 43 40 40
0327_0027_0005_0043_0043.jpg 1 27 5 43 43
0328_0024_0029_0036_0036.jpg 1 24 29 36 36
0329_0026_0040_0025_0025.jpg 1 26 40 25 25
0330_0009_0025_0033_0033.jpg 1 9 25 33 33
0331_0023_0039_0052_0052.jpg 1 23 39 52 52
0332_0031_0031_0039_0039.jpg 1 31 31 39 39
0333_0014_0017_0049_0049.jpg 1 14 17 49 49
0334_0019_0035_0030_0030.jpg 1 19 35 30 30
0335_0021_0039_0032_0032.jpg 1 21 39 32 32
0336_0025_0015_0063_0063.jpg 1 25 15 63 63
0337_0016_0035_0058_0058.jpg 1 16 35 58 58
0338_0018_0028_0060_0060.jpg 1 18 28 60 60
0339_0036_0013_0030_0030.jpg 1 36 13 30 30
0340_0067_0046_0025_0025.jpg 1 67 46 25 25
0341_0028_0013_0066_0066.jpg 1 28 13 66 66
0342_0051_0017_0041_0041.jpg 1 51 17 41 41
0343_0023_0050_0036_0036.jpg 1 23 50 36 36
0344_0018_0025_0064_0064.jpg 1 18 25 64 64
0345_0005_0038_0052_0052.jpg 1 5 38 52 52
0346_0050_0044_0040_0040.jpg 1 50 44 40 40
0347_0032_0010_0060_0060.jpg 1 32 10 60 60
0348_0032_0033_0056_0056.jpg 1 32 33 56 56
0349_0027_0040_0043_0043.jpg 1 27 40 43 43
0350_0022_0016_0050_0050.jpg 1 22 16 50 50
0351_0035_0027_0053_0053.jpg 1 35 27 53 53
0352_0045_0030_0039_0039.jpg 1 45 30 39 39
0353_0019_0024_0034_0034.jpg 1 19 24 34 34
0354_0035_0030_0050_0050.jpg 1 35 30 50 50
0355_0018_0030_0066_0066.jpg 1 18 30 66 66
0356_0022_0031_0064_0064.jpg 1 22 31 64 64
0357_0005_0028_0047_0047.jpg 1 5 28 47 47
0358_0032_0027_0041_0041.jpg 1 32 27 41 41
0359_0026_0021_0057_0057.jpg 1 26 21 57 57
0360_0046_0035_0038_0038.jpg 1 46 35 38 38
0361_0041_0033_0049_0049.jpg 1 41 33 49 49
0362_0020_0031_0051_0051.jpg 1 20 31 51 51
0363_0028_0012_0040_0040.jpg 1 28 12 40 40
0364_0021_0005_0059_0059.jpg 1 21 5 59 59
0365_0012_0021_0059_0059.jpg 1 12 21 59 59
0366_0010_0019_0062_0062.jpg 1 10 19 62 62
0367_0026_0039_0055_0055.jpg 1 26 39 55 55
0368_0009_0022_0054_0054.jpg 1 9 22 54 54
0369_0013_0029_0061_0061.jpg 1 13 29 61 61
0370_0024_0042_0046_0046.jpg 1 24 42 46 46
0371_0055_0056_0033_0033.jpg 1 55 56 33 33
0372_0011_0039_0043_0043.jpg 1 11 39 43 43
0373_0010_0031_0064_0064.jpg 1 10 31 64 64
0374_0035_0026_0044_0044.jpg 1 35 26 44 44
0375_0051_0035_0040_0040.jpg 1 51 35 40 40
0376_0029_0005_0060_0060.jpg 1 29 5 60 60
0377_0026_0021_0052_0052.jpg 1 26 21 52 52
0378_0012_0022_0024_0024.jpg 1 12 22 24 24
0379_0011_0034_0055_0055.jpg 1 11 34 55 55
0380_0006_0006_0060_0060.jpg 1 6 6 60 60
0381_0054_0014_0028_0028.jpg 1 54 14 28 28
0382_0040_0016_0052_0052.jpg 1 40 16 52 52
0383_0015_0055_0027_0027.jpg 1 15 55 27 27
0384_0042_0028_0037_0037.jpg 1 42 28 37 37
0385_0026_0006_0069_0069.jpg 1 26 6 69 69
0386_0033_0009_0058_0058.jpg 1 33 9 58 58
0387_0011_0039_0047_0047.jpg 1 11 39 47 47
0388_0004_0024_0051_0051.jpg 1 4 24 51 51
0389_0013_0010_0046_0046.jpg 1 13 10 46 46
0390_0037_0025_0046_0046.jpg 1 37 25 46 46
0391_0039_0040_0034_0034.jpg 1 39 40 34 34
0392_0036_0057_0032_0032.jpg 1 36 57 32 32
0393_0049_0047_0040_0040.jpg 1 49 47 40 40
0394_0020_0006_0056_0056.jpg 1 20 6 56 56
0395_0013_0005_0064_0064.jpg 1 13 5 64 64
0396_0023_0026_0068_0068.jpg 1 23 26 68 68
0397_0015_0008_0066_0066.jpg 1 15 8 66 66
0398_0015_0007_0063_0063.jpg 1 15 7 63 63
0399_0055_0034_0036_0036.jpg 1 55 34 36 36
0400_0006_0013_0069_0069.jpg 1 6 13 69 69
0401_0041_0024_0027_0027.jpg 1 41 24 27 27
0402_0014_0010_0056_0056.jpg 1 14 10 56 56
0403_0008_0029_0041_0041.jpg 1 8 29 41 41
0404_0040_0059_0027_0027.jpg 1 40 59 27 27
0405_0053_0056_0031_0031.jpg 1 53 56 31 31
0406_0026_0023_0069_0069.jpg 1 26 23 69 69
0407_0035_0024_0041_0041.jpg 1 35 24 41 41
0408_0023_0026_0060_0060.jpg 1 23 26 60 60
0409_0051_0039_0038_0038.jpg 1 51 39 38 38
0410_0025_0009_0062_0062.jpg 1 25 9 62 62
0411_0037_0050_0042_0042.jpg 1 37 50 42 42
0412_0005_0023_0057_0057.jpg 1 5 23 57 57
0413_0050_0020_0043_0043.jpg 1 50 20 43 43
0414_0011_0018_0068_0068.jpg 1 11 18 68 68
0415_0007_0023_0026_0026.jpg 1 7 23 26 26
0416_0055_0041_0026_0026.jpg 1 55 41 26 26
0417_0011_0012_0056_0056.jpg 1 11 12 56 56
0418_0018_0040_0049_0049.jpg 1 18 40 49 49
0419_0030_0051_0040_0040.jpg 1 30 51 40 40
0420_0025_0033_0032_0032.jpg 1 25 33 32 32
0421_0009_0036_0050_0050.jpg 1 9 36 50 50
0422_0014_0015_0024_0024.jpg 1 14 15 24 24
0423_0018_0010_0068_0068.jpg 1 18 10 68 68
0424_0034_0020_0042_0042.jpg 1 34 20 42 42
0425_0029_0006_0058_0058.jpg 1 29 6 58 58
0426_0021_0021_0067_0067.jpg 1 21 21 67 67
0427_0012_0023_0055_0055.jpg 1 12 23 55 55
0428_0018_0029_0038_0038.jpg 1 18 29 38 38
0429_0022_0028_0066_0066.jpg 1 22 28 66 66
0430_0017_0026_0057_0057.jpg 1 17 26 57 57
0431_0025_0035_0030_0030.jpg 1 25 35 30 30
0432_0040_0016_0024_0024.jpg 1 40 16 24 24
0433_0033_0035_0045_0045.jpg 1 33 35 45 45
0434_0035_0048_0027_0027.jpg 1 35 48 27 27
0435_0009_0025_0049_0049.jpg 1 9 25 49 49
0436_0027_0016_0055_0055.jpg 1 27 16 55 55
0437_0059_0054_0032_0032.jpg 1 59 54 32 32
0438_0020_0021_0047_0047.jpg 1 20 21 47 47
0439_0038_0045_0047_0047.jpg 1 38 45 47 47
0440_0048_0011_0040_0040.jpg 1 48 11 40 40
0441_0010_0046_0045_0045.jpg 1 10 46 45 45
0442_0042_0034_0051_0051.jpg 1 42 34 51 51
0443_0007_0044_0041_0041.jpg 1 7 44 41 41
0444_0014_0033_0040_0040.jpg 1 14 33 40 40
0445_0011_0027_0031_0031.jpg 1 11 27 31 31
0446_0022_0038_0036_0036.jpg 1 22 38 36 36
0447_0063_0007_0026_0026.jpg 1 63 7 26 26
0448_0026_0004_0068_0068.jpg 1 26 4 68 68
0449_0028_0016_0054_0054.jpg 1 28 16 54 54
0450_0037_0025_0054_0054.jpg 1 37 25 54 54
0451_0009_0030_0057_0057.jpg 1 9 30 57 57
0452_0006_0021_0042_0042.jpg 1 6 21 42 42
0453_0013_0043_0033_0033.jpg 1 13 43 33 33
0454_0014_0025_0050_0050.jpg 1 14 25 50 50
0455_0010_0042_0049_0049.jpg 1 10 42 49 49
0456_0053_0022_0030_0030.jpg 1 53 22 30 30
0457_0011_0027_0065_0065.jpg 1 11 27 65 65
0458_0351_0135_0033_0033.jpg 1 351 135 33 33
0459_0032_0005_0061_0061.jpg 1 32 5 61 61
0460_0049_0030_0041_0041.jpg 1 49 30 41 41
0461_0024_0022_0028_0028.jpg 1 24 22 28 28
0462_0021_0031_0024_0024.jpg 1 21 31 24 24
0463_0008_0019_0056_0056.jpg 1 8 19 56 56
0464_0005_0033_0046_0046.jpg 1 5 33 46 46
0465_0005_0027_0068_0068.jpg 1 5 27 68 68
0466_0031_0049_0044_0044.jpg 1 31 49 44 44
0467_0022_0033_0057_0057.jpg 1 22 33 57 57
0468_0021_0045_0033_0033.jpg 1 21 45 33 33
0469_0016_0023_0060_0060.jpg 1 16 23 60 60
0470_0039_0010_0029_0029.jpg 1 39 10 29 29
0471_0044_0022_0044_0044.jpg 1 44 22 44 44
0472_0019_0017_0054_0054.jpg 1 19 17 54 54
0473_0029_0020_0061_0061.jpg 1 29 20 61 61
0474_0014_0021_0045_0045.jpg 1 14 21 45 45
0475_0007_0032_0062_0062.jpg 1 7 32 62 62
0476_0020_0007_0066_0066.jpg 1 20 7 66 66
0477_0025_0015_0062_0062.jpg 1 25 15 62 62
0478_0024_0021_0028_0028.jpg 1 24 21 28 28
0479_0023_0024_0067_0067.jpg 1 23 24 67 67
0480_0005_0017_0069_0069.jpg 1 5 17 69 69
0481_0007_0019_0045_0045.jpg 1 7 19 45 45
0482_0021_0029_0059_0059.jpg 1 21 29 59 59
0483_0021_0014_0068_0068.jpg 1 21 14 68 68
0484_0033_0046_0034_0034.jpg 1 33 46 34 34
0485_0028_0011_0046_0046.jpg 1 28 11 46 46
0486_0031_0010_0026_0026.jpg 1 31 10 26 26
0487_0010_0018_0026_0026.jpg 1 10 18 26 26
0488_0041_0038_0027_0027.jpg 1 41 38 27 27
0489_0011_0022_0065_0065.jpg 1 11 22 65 65
0490_0011_0011_0044_0044.jpg 1 11 11 44 44
0491_0007_0014_0066_0066.jpg 1 7 14 66 66
0492_0029_0018_0064_0064.jpg 1 29 18 64 64
0493_0028_0021_0063_0063.jpg 1 28 21 63 63
0494_0052_0020_0025_0025.jpg 1 52 20 25 25
0495_0026_0011_0047_0047.jpg 1 26 11 47 47
0496_0009_0031_0045_0045.jpg 1 9 31 45 45
0497_0061_0036_0028_0028.jpg 1 61 36 28 28
0498_0035_0028_0054_0054.jpg 1 35 28 54 54
0499_0026_0012_0060_0060.jpg 1 26 12 60 60
0500_0037_0014_0030_0030.jpg 1 37 14 30 30
0501_0039_0019_0055_0055.jpg 1 39 19 55 55
0502_0040_0011_0042_0042.jpg 1 40 11 42 42
0503_0019_0037_0052_0052.jpg 1 19 37 52 52
0504_0038_0015_0055_0055.jpg 1 38 15 55 55
0505_0052_0012_0029_0029.jpg 1 52 12 29 29
0506_0040_0018_0053_0053.jpg 1 40 18 53 53
0507_0023_0015_0065_0065.jpg 1 23 15 65 65
0508_0006_0009_0067_0067.jpg 1 6 9 67 67
0509_0020_0008_0035_0035.jpg 1 20 8 35 35
0510_0042_0015_0043_0043.jpg 1 42 15 43 43
0511_0040_0028_0055_0055.jpg 1 40 28 55 55
0512_0008_0019_0057_0057.jpg 1 8 19 57 57
0513_0043_0044_0047_0047.jpg 1 43 44 47 47
0514_0046_0047_0037_0037.jpg 1 46 47 37 37
0515_0009_0007_0055_0055.jpg 1 9 7 55 55
0516_0036_0029_0046_0046.jpg 1 36 29 46 46
0517_0028_0015_0066_0066.jpg 1 28 15 66 66
0518_0025_0025_0047_0047.jpg 1 25 25 47 47
0519_0024_0033_0058_0058.jpg 1 24 33 58 58
0520_0029_0015_0049_0049.jpg 1 29 15 49 49
0521_0031_0009_0054_0054.jpg 1 31 9 54 54
0522_0035_0035_0049_0049.jpg 1 35 35 49 49
0523_0021_0036_0057_0057.jpg 1 21 36 57 57
0524_0014_0035_0027_0027.jpg 1 14 35 27 27
0525_0011_0047_0046_0046.jpg 1 11 47 46 46
0526_0023_0020_0061_0061.jpg 1 23 20 61 61
0527_0003_0010_0069_0069.jpg 1 3 10 69 69
0528_0037_0021_0058_0058.jpg 1 37 21 58 58
0529_0034_0024_0025_0025.jpg 1 34 24 25 25
0530_0030_0060_0026_0026.jpg 1 30 60 26 26
0531_0059_0033_0028_0028.jpg 1 59 33 28 28
0532_0034_0020_0056_0056.jpg 1 34 20 56 56
0533_0025_0047_0045_0045.jpg 1 25 47 45 45
0534_0007_0028_0039_0039.jpg 1 7 28 39 39
0535_0027_0012_0062_0062.jpg 1 27 12 62 62
0536_0021_0027_0048_0048.jpg 1 21 27 48 48
0537_0022_0023_0059_0059.jpg 1 22 23 59 59
0538_0052_0034_0040_0040.jpg 1 52 34 40 40
0539_0008_0020_0066_0066.jpg 1 8 20 66 66
0540_0061_0025_0030_0030.jpg 1 61 25 30 30
0541_0030_0008_0065_0065.jpg 1 30 8 65 65
0542_0033_0021_0042_0042.jpg 1 33 21 42 42
0543_0023_0045_0036_0036.jpg 1 23 45 36 36
0544_0048_0014_0028_0028.jpg 1 48 14 28 28
0545_0038_0041_0033_0033.jpg 1 38 41 33 33
0546_0033_0031_0046_0046.jpg 1 33 31 46 46
0547_0025_0034_0025_0025.jpg 1 25 34 25 25
0548_0025_0054_0031_0031.jpg 1 25 54 31 31
0549_0027_0008_0063_0063.jpg 1 27 8 63 63
0550_0034_0025_0038_0038.jpg 1 34 25 38 38
0551_0035_0015_0044_0044.jpg 1 35 15 44 44
0552_0035_0028_0060_0060.jpg 1 35 28 60 60
0553_0045_0032_0043_0043.jpg 1 45 32 43 43
0554_0013_0029_0046_0046.jpg 1 13 29 46 46
0555_0039_0043_0031_0031.jpg 1 39 43 31 31
0556_0017_0025_0059_0059.jpg 1 17 25 59 59
0557_0031_0033_0058_0058.jpg 1 31 33 58 58
0558_0011_0019_0024_0024.jpg 1 11 19 24 24
0559_0037_0050_0042_0042.jpg 1 37 50 42 42
0560_0010_0065_0027_0027.jpg 1 10 65 27 27
0561_0007_0011_0069_0069.jpg 1 7 11 69 69
0562_0012_0044_0024_0024.jpg 1 12 44 24 24
0563_0020_0018_0045_0045.jpg 1 20 18 45 45
0564_0008_0031_0064_0064.jpg 1 8 31 64 64
0565_0044_0044_0025_0025.jpg 1 44 44 25 25
0566_0014_0038_0049_0049.jpg 1 14 38 49 49
0567_0015_0023_0069_0069.jpg 1 15 23 69 69
0568_0023_0015_0061_0061.jpg 1 23 15 61 61
0569_0028_0029_0067_0067.jpg 1 28 29 67 67
0570_0028_0014_0053_0053.jpg 1 28 14 53 53
0571_0004_0039_0052_0052.jpg 1 4 39 52 52
0572_0056_0015_0034_0034.jpg 1 56 15 34 34
0573_0015_0021_0053_0053.jpg 1 15 21 53 53
0574_0003_0019_0066_0066.jpg 1 3 19 66 66
0575_0040_0037_0040_0040.jpg 1 40 37 40 40
0576_0054_0056_0034_0034.jpg 1 54 56 34 34
0577_0032_0038_0051_0051.jpg 1 32 38 51 51
0578_0024_0022_0035_0035.jpg 1 24 22 35 35
0579_0017_0015_0058_0058.jpg 1 17 15 58 58
0580_0019_0027_0066_0066.jpg 1 19 27 66 66
0581_0008_0012_0062_0062.jpg 1 8 12 62 62
0582_0020_0006_0053_0053.jpg 1 20 6 53 53
0583_0054_0034_0032_0032.jpg 1 54 34 32 32
0584_0021_0013_0063_0063.jpg 1 21 13 63 63
0585_0007_0020_0065_0065.jpg 1 7 20 65 65
0586_0010_0018_0066_0066.jpg 1 10 18 66 66
0587_0053_0032_0037_0037.jpg 1 53 32 37 37
0588_0038_0008_0025_0025.jpg 1 38 8 25 25
0589_0035_0044_0043_0043.jpg 1 35 44 43 43
0590_0031_0013_0059_0059.jpg 1 31 13 59 59
0591_0039_0027_0049_0049.jpg 1 39 27 49 49
0592_0020_0026_0025_0025.jpg 1 20 26 25 25
0593_0011_0036_0053_0053.jpg 1 11 36 53 53
0594_0012_0035_0049_0049.jpg 1 12 35 49 49
0595_0006_0043_0051_0051.jpg 1 6 43 51 51
0596_0022_0030_0056_0056.jpg 1 22 30 56 56
0597_0046_0019_0040_0040.jpg 1 46 19 40 40
0598_0030_0022_0052_0052.jpg 1 30 22 52 52
0599_0038_0011_0051_0051.jpg 1 38 11 51 51
0600_0009_0035_0053_0053.jpg 1 9 35 53 53
0601_0012_0010_0037_0037.jpg 1 12 10 37 37
0602_0048_0030_0043_0043.jpg 1 48 30 43 43
0603_0041_0033_0045_0045.jpg 1 41 33 45 45
0604_0015_0007_0068_0068.jpg 1 15 7 68 68
0605_0056_0008_0034_0034.jpg 1 56 8 34 34
0606_0012_0027_0042_0042.jpg 1 12 27 42 42
0607_0041_0019_0048_0048.jpg 1 41 19 48 48
0608_0044_0039_0029_0029.jpg 1 44 39 29 29
0609_0010_0031_0024_0024.jpg 1 10 31 24 24
0610_0037_0010_0044_0044.jpg 1 37 10 44 44
0611_0036_0021_0048_0048.jpg 1 36 21 48 48
0612_0032_0041_0025_0025.jpg 1 32 41 25 25
0613_0008_0033_0051_0051.jpg 1 8 33 51 51
0614_0010_0029_0047_0047.jpg 1 10 29 47 47
0615_0041_0029_0044_0044.jpg 1 41 29 44 44
0616_0050_0049_0042_0042.jpg 1 50 49 42 42
0617_0013_0028_0053_0053.jpg 1 13 28 53 53
0618_0013_0013_0063_0063.jpg 1 13 13 63 63
0619_0032_0015_0036_0036.jpg 1 32 15 36 36
0620_0052_0029_0034_0034.jpg 1 52 29 34 34
0621_0008_0028_0058_0058.jpg 1 8 28 58 58
0622_0035_0028_0059_0059.jpg 1 35 28 59 59
0623_0021_0015_0041_0041.jpg 1 21 15 41 41
0624_0024_0025_0040_0040.jpg 1 24 25 40 40
0625_0019_0048_0025_0025.jpg 1 19 48 25 25
0626_0021_0018_0037_0037.jpg 1 21 18 37 37
0627_0029_0039_0048_0048.jpg 1 29 39 48 48
0628_0032_0006_0060_0060.jpg 1 32 6 60 60
0629_0031_0042_0036_0036.jpg 1 31 42 36 36
0630_0042_0015_0053_0053.jpg 1 42 15 53 53
0631_0053_0049_0038_0038.jpg 1 53 49 38 38
0632_0018_0045_0039_0039.jpg 1 18 45 39 39
0633_0030_0033_0061_0061.jpg 1 30 33 61 61
0634_0014_0048_0036_0036.jpg 1 14 48 36 36
0635_0017_0007_0067_0067.jpg 1 17 7 67 67
0636_0019_0019_0064_0064.jpg 1 19 19 64 64
0637_0011_0006_0042_0042.jpg 1 11 6 42 42
0638_0013_0012_0057_0057.jpg 1 13 12 57 57
0639_0034_0012_0028_0028.jpg 1 34 12 28 28
0640_0048_0024_0044_0044.jpg 1 48 24 44 44
0641_0062_0042_0025_0025.jpg 1 62 42 25 25
0642_0006_0008_0046_0046.jpg 1 6 8 46 46
0643_0026_0040_0054_0054.jpg 1 26 40 54 54
0644_0034_0035_0049_0049.jpg 1 34 35 49 49
0645_0013_0051_0042_0042.jpg 1 13 51 42 42
0646_0046_0032_0042_0042.jpg 1 46 32 42 42
0647_0022_0032_0042_0042.jpg 1 22 32 42 42
0648_0007_0035_0037_0037.jpg 1 7 35 37 37
0649_0043_0025_0033_0033.jpg 1 43 25 33 33
0650_0024_0048_0027_0027.jpg 1 24 48 27 27
0651_0036_0040_0033_0033.jpg 1 36 40 33 33
0652_0024_0035_0052_0052.jpg 1 24 35 52 52
0653_0020_0022_0063_0063.jpg 1 20 22 63 63
0654_0053_0008_0039_0039.jpg 1 53 8 39 39
0655_0007_0032_0061_0061.jpg 1 7 32 61 61
0656_0031_0013_0050_0050.jpg 1 31 13 50 50
0657_0036_0021_0043_0043.jpg 1 36 21 43 43
0658_0035_0035_0059_0059.jpg 1 35 35 59 59
0659_0023_0006_0064_0064.jpg 1 23 6 64 64
0660_0026_0026_0048_0048.jpg 1 26 26 48 48
0661_0050_0049_0032_0032.jpg 1 50 49 32 32
0662_0008_0024_0052_0052.jpg 1 8 24 52 52
0663_0026_0019_0028_0028.jpg 1 26 19 28 28
0664_0020_0007_0064_0064.jpg 1 20 7 64 64
0665_0052_0028_0026_0026.jpg 1 52 28 26 26
0666_0009_0022_0040_0040.jpg 1 9 22 40 40
0667_0052_0032_0041_0041.jpg 1 52 32 41 41
0668_0016_0023_0037_0037.jpg 1 16 23 37 37
0669_0044_0012_0039_0039.jpg 1 44 12 39 39
0670_0048_0044_0034_0034.jpg 1 48 44 34 34
0671_0009_0035_0055_0055.jpg 1 9 35 55 55
0672_0050_0022_0029_0029.jpg 1 50 22 29 29
0673_0016_0019_0040_0040.jpg 1 16 19 40 40
0674_0044_0006_0039_0039.jpg 1 44 6 39 39
0675_0014_0015_0066_0066.jpg 1 14 15 66 66
0676_0013_0030_0051_0051.jpg 1 13 30 51 51
0677_0013_0020_0065_0065.jpg 1 13 20 65 65
0678_0051_0020_0041_0041.jpg 1 51 20 41 41
0679_0009_0041_0038_0038.jpg 1 9 41 38 38
0680_0036_0006_0052_0052.jpg 1 36 6 52 52
0681_0035_0007_0055_0055.jpg 1 35 7 55 55
0682_0052_0029_0030_0030.jpg 1 52 29 30 30
0683_0024_0019_0040_0040.jpg 1 24 19 40 40
0684_0021_0006_0052_0052.jpg 1 21 6 52 52
0685_0033_0023_0038_0038.jpg 1 33 23 38 38
0686_0016_0037_0034_0034.jpg 1 16 37 34 34
0687_0005_0022_0062_0062.jpg 1 5 22 62 62
0688_0024_0040_0029_0029.jpg 1 24 40 29 29
0689_0006_0029_0052_0052.jpg 1 6 29 52 52
0690_0038_0053_0040_0040.jpg 1 38 53 40 40
0691_0008_0018_0064_0064.jpg 1 8 18 64 64
0692_0013_0023_0065_0065.jpg 1 13 23 65 65
0693_0005_0024_0060_0060.jpg 1 5 24 60 60
0694_0029_0065_0024_0024.jpg 1 29 65 24 24
0695_0007_0029_0063_0063.jpg 1 7 29 63 63
0696_0048_0012_0043_0043.jpg 1 48 12 43 43
0697_0007_0013_0063_0063.jpg 1 7 13 63 63
0698_0005_0017_0068_0068.jpg 1 5 17 68 68
0699_0006_0023_0049_0049.jpg 1 6 23 49 49
0700_0014_0020_0052_0052.jpg 1 14 20 52 52
0701_0020_0011_0064_0064.jpg 1 20 11 64 64
0702_0013_0019_0069_0069.jpg 1 13 19 69 69
0703_0023_0035_0042_0042.jpg 1 23 35 42 42
0704_0036_0009_0059_0059.jpg 1 36 9 59 59
0705_0022_0007_0033_0033.jpg 1 22 7 33 33
0706_0012_0018_0061_0061.jpg 1 12 18 61 61
0707_0025_0016_0054_0054.jpg 1 25 16 54 54
0708_0049_0056_0029_0029.jpg 1 49 56 29 29
0709_0025_0046_0046_0046.jpg 1 25 46 46 46
0710_0030_0034_0042_0042.jpg 1 30 34 42 42
0711_0064_0007_0024_0024.jpg 1 64 7 24 24
0712_0010_0036_0037_0037.jpg 1 10 36 37 37
0713_0018_0033_0038_0038.jpg 1 18 33 38 38
0714_0023_0023_0038_0038.jpg 1 23 23 38 38
0715_0030_0027_0032_0032.jpg 1 30 27 32 32
0716_0024_0029_0062_0062.jpg 1 24 29 62 62
0717_0011_0013_0047_0047.jpg 1 11 13 47 47
0718_0033_0011_0048_0048.jpg 1 33 11 48 48
0719_0039_0050_0026_0026.jpg 1 39 50 26 26
0720_0014_0026_0062_0062.jpg 1 14 26 62 62
0721_0037_0033_0058_0058.jpg 1 37 33 58 58
0722_0013_0036_0041_0041.jpg 1 13 36 41 41
0723_0018_0021_0059_0059.jpg 1 18 21 59 59
0724_0014_0006_0052_0052.jpg 1 14 6 52 52
0725_0029_0034_0044_0044.jpg 1 29 34 44 44
0726_0011_0023_0068_0068.jpg 1 11 23 68 68
0727_0030_0020_0055_0055.jpg 1 30 20 55 55
0728_0006_0045_0047_0047.jpg 1 6 45 47 47
0729_0005_0017_0057_0057.jpg 1 5 17 57 57
0730_0018_0006_0058_0058.jpg 1 18 6 58 58
0731_0012_0042_0047_0047.jpg 1 12 42 47 47
0732_0041_0039_0053_0053.jpg 1 41 39 53 53
0733_0051_0033_0035_0035.jpg 1 51 33 35 35
0734_0059_0026_0028_0028.jpg 1 59 26 28 28
0735_0025_0023_0029_0029.jpg 1 25 23 29 29
0736_0039_0023_0024_0024.jpg 1 39 23 24 24
0737_0048_0030_0034_0034.jpg 1 48 30 34 34
0738_0014_0051_0036_0036.jpg 1 14 51 36 36
0739_0022_0016_0041_0041.jpg 1 22 16 41 41
0740_0056_0025_0033_0033.jpg 1 56 25 33 33
0741_0020_0019_0069_0069.jpg 1 20 19 69 69
0742_0034_0059_0028_0028.jpg 1 34 59 28 28
0743_0023_0016_0058_0058.jpg 1 23 16 58 58
0744_0027_0008_0067_0067.jpg 1 27 8 67 67
0745_0029_0053_0036_0036.jpg 1 29 53 36 36
0746_0010_0009_0047_0047.jpg 1 10 9 47 47
0747_0050_0011_0027_0027.jpg 1 50 11 27 27
0748_0022_0027_0064_0064.jpg 1 22 27 64 64
0749_0035_0035_0052_0052.jpg 1 35 35 52 52
0750_0005_0012_0062_0062.jpg 1 5 12 62 62
0751_0028_0014_0053_0053.jpg 1 28 14 53 53
0752_0013_0053_0034_0034.jpg 1 13 53 34 34
0753_0018_0033_0028_0028.jpg 1 18 33 28 28
0754_0027_0012_0045_0045.jpg 1 27 12 45 45
0755_0044_0020_0049_0049.jpg 1 44 20 49 49
0756_0058_0034_0032_0032.jpg 1 58 34 32 32
0757_0020_0026_0056_0056.jpg 1 20 26 56 56
0758_0009_0008_0063_0063.jpg 1 9 8 63 63
0759_0021_0007_0046_0046.jpg 1 21 7 46 46
0760_0029_0022_0054_0054.jpg 1 29 22 54 54
0761_0047_0028_0031_0031.jpg 1 47 28 31 31
0762_0012_0034_0056_0056.jpg 1 12 34 56 56
0763_0008_0008_0063_0063.jpg 1 8 8 63 63
0764_0007_0044_0044_0044.jpg 1 7 44 44 44
0765_0018_0012_0050_0050.jpg 1 18 12 50 50
0766_0017_0014_0058_0058.jpg 1 17 14 58 58
0767_0019_0038_0045_0045.jpg 1 19 38 45 45
0768_0020_0018_0069_0069.jpg 1 20 18 69 69
0769_0031_0032_0051_0051.jpg 1 31 32 51 51
0770_0044_0036_0033_0033.jpg 1 44 36 33 33
0771_0015_0022_0045_0045.jpg 1 15 22 45 45
0772_0015_0023_0037_0037.jpg 1 15 23 37 37
0773_0011_0033_0061_0061.jpg 1 11 33 61 61
0774_0055_0036_0026_0026.jpg 1 55 36 26 26
0775_0008_0063_0029_0029.jpg 1 8 63 29 29
0776_0025_0023_0064_0064.jpg 1 25 23 64 64
0777_0024_0016_0067_0067.jpg 1 24 16 67 67
0778_0043_0023_0050_0050.jpg 1 43 23 50 50
0779_0032_0039_0052_0052.jpg 1 32 39 52 52
0780_0023_0008_0026_0026.jpg 1 23 8 26 26
0781_0016_0029_0060_0060.jpg 1 16 29 60 60
0782_0007_0023_0056_0056.jpg 1 7 23 56 56
0783_0044_0030_0050_0050.jpg 1 44 30 50 50
0784_0016_0017_0060_0060.jpg 1 16 17 60 60
0785_0047_0039_0047_0047.jpg 1 47 39 47 47
0786_0003_0008_0064_0064.jpg 1 3 8 64 64
0787_0035_0028_0048_0048.jpg 1 35 28 48 48
0788_0061_0054_0028_0028.jpg 1 61 54 28 28
0789_0023_0020_0063_0063.jpg 1 23 20 63 63
0790_0035_0045_0035_0035.jpg 1 35 45 35 35
0791_0020_0012_0025_0025.jpg 1 20 12 25 25
0792_0006_0039_0041_0041.jpg 1 6 39 41 41
0793_0034_0055_0028_0028.jpg 1 34 55 28 28
0794_0030_0015_0056_0056.jpg 1 30 15 56 56
0795_0030_0025_0054_0054.jpg 1 30 25 54 54
0796_0017_0026_0065_0065.jpg 1 17 26 65 65
0797_0014_0033_0036_0036.jpg 1 14 33 36 36
0798_0008_0006_0051_0051.jpg 1 8 6 51 51
0799_0027_0023_0043_0043.jpg 1 27 23 43 43
0800_0003_0004_0066_0066.jpg 1 3 4 66 66
0801_0034_0026_0035_0035.jpg 1 34 26 35 35
0802_0044_0036_0040_0040.jpg 1 44 36 40 40
0803_0024_0011_0047_0047.jpg 1 24 11 47 47
0804_0008_0036_0035_0035.jpg 1 8 36 35 35
0805_0006_0033_0061_0061.jpg 1 6 33 61 61
0806_0009_0018_0054_0054.jpg 1 9 18 54 54
0807_0018_0004_0067_0067.jpg 1 18 4 67 67
0808_0008_0031_0049_0049.jpg 1 8 31 49 49
0809_0054_0045_0027_0027.jpg 1 54 45 27 27
0810_0042_0020_0045_0045.jpg 1 42 20 45 45
0811_0040_0045_0031_0031.jpg 1 40 45 31 31
0812_0038_0013_0056_0056.jpg 1 38 13 56 56
0813_0043_0034_0027_0027.jpg 1 43 34 27 27
0814_0020_0021_0038_0038.jpg 1 20 21 38 38
0815_0028_0052_0026_0026.jpg 1 28 52 26 26
0816_0008_0051_0034_0034.jpg 1 8 51 34 34
0817_0046_0008_0042_0042.jpg 1 46 8 42 42
0818_0012_0024_0055_0055.jpg 1 12 24 55 55
0819_0021_0032_0054_0054.jpg 1 21 32 54 54
0820_0019_0046_0046_0046.jpg 1 19 46 46 46
0821_0045_0023_0032_0032.jpg 1 45 23 32 32
0822_0028_0011_0030_0030.jpg 1 28 11 30 30
0823_0042_0023_0026_0026.jpg 1 42 23 26 26
0824_0008_0019_0039_0039.jpg 1 8 19 39 39
0825_0035_0041_0042_0042.jpg 1 35 41 42 42
0826_0009_0031_0057_0057.jpg 1 9 31 57 57
0827_0017_0027_0046_0046.jpg 1 17 27 46 46
0828_0007_0017_0039_0039.jpg 1 7 17 39 39
0829_0034_0005_0058_0058.jpg 1 34 5 58 58
0830_0014_0014_0063_0063.jpg 1 14 14 63 63
0831_0059_0007_0032_0032.jpg 1 59 7 32 32
0832_0043_0035_0038_0038.jpg 1 43 35 38 38
0833_0025_0019_0061_0061.jpg 1 25 19 61 61
0834_0004_0025_0060_0060.jpg 1 4 25 60 60
0835_0025_0046_0047_0047.jpg 1 25 46 47 47
0836_0035_0010_0052_0052.jpg 1 35 10 52 52
0837_0024_0011_0061_0061.jpg 1 24 11 61 61
0838_0011_0033_0060_0060.jpg 1 11 33 60 60
0839_0019_0037_0046_0046.jpg 1 19 37 46 46
0840_0033_0047_0025_0025.jpg 1 33 47 25 25
0841_0012_0035_0059_0059.jpg 1 12 35 59 59
0842_0009_0035_0040_0040.jpg 1 9 35 40 40
0843_0044_0063_0026_0026.jpg 1 44 63 26 26
0844_0029_0028_0044_0044.jpg 1 29 28 44 44
0845_0029_0041_0030_0030.jpg 1 29 41 30 30
0846_0025_0050_0024_0024.jpg 1 25 50 24 24
0847_0022_0029_0042_0042.jpg 1 22 29 42 42
0848_0040_0033_0047_0047.jpg 1 40 33 47 47
0849_0022_0019_0069_0069.jpg 1 22 19 69 69
0850_0037_0046_0042_0042.jpg 1 37 46 42 42
0851_0045_0050_0028_0028.jpg 1 45 50 28 28
0852_0014_0038_0056_0056.jpg 1 14 38 56 56
0853_0056_0013_0027_0027.jpg 1 56 13 27 27
0854_0056_0008_0025_0025.jpg 1 56 8 25 25
0855_0023_0043_0037_0037.jpg 1 23 43 37 37
0856_0031_0019_0057_0057.jpg 1 31 19 57 57
0857_0050_0011_0043_0043.jpg 1 50 11 43 43
0858_0011_0020_0055_0055.jpg 1 11 20 55 55
0859_0018_0032_0037_0037.jpg 1 18 32 37 37
0860_0017_0064_0026_0026.jpg 1 17 64 26 26
0861_0011_0024_0029_0029.jpg 1 11 24 29 29
0862_0027_0064_0024_0024.jpg 1 27 64 24 24
0863_0048_0013_0024_0024.jpg 1 48 13 24 24
0864_0007_0017_0069_0069.jpg 1 7 17 69 69
0865_0042_0041_0038_0038.jpg 1 42 41 38 38
0866_0014_0012_0054_0054.jpg 1 14 12 54 54
0867_0008_0018_0051_0051.jpg 1 8 18 51 51
0868_0040_0045_0034_0034.jpg 1 40 45 34 34
0869_0015_0027_0061_0061.jpg 1 15 27 61 61
0870_0032_0054_0036_0036.jpg 1 32 54 36 36
0871_0023_0040_0045_0045.jpg 1 23 40 45 45
0872_0027_0039_0035_0035.jpg 1 27 39 35 35
0873_0042_0015_0052_0052.jpg 1 42 15 52 52
0874_0037_0028_0055_0055.jpg 1 37 28 55 55
0875_0013_0025_0058_0058.jpg 1 13 25 58 58
0876_0011_0025_0053_0053.jpg 1 11 25 53 53
0877_0037_0021_0033_0033.jpg 1 37 21 33 33
0878_0024_0018_0057_0057.jpg 1 24 18 57 57
0879_0044_0044_0037_0037.jpg 1 44 44 37 37
0880_0016_0005_0060_0060.jpg 1 16 5 60 60
0881_0007_0031_0059_0059.jpg 1 7 31 59 59
0882_0013_0008_0069_0069.jpg 1 13 8 69 69
0883_0015_0016_0045_0045.jpg 1 15 16 45 45
0884_0042_0045_0028_0028.jpg 1 42 45 28 28
0885_0009_0011_0050_0050.jpg 1 9 11 50 50
0886_0047_0056_0025_0025.jpg 1 47 56 25 25
0887_0054_0037_0039_0039.jpg 1 54 37 39 39
0888_0004_0022_0066_0066.jpg 1 4 22 66 66
0889_0010_0018_0069_0069.jpg 1 10 18 69 69
0890_0010_0027_0068_0068.jpg 1 10 27 68 68
0891_0048_0034_0042_0042.jpg 1 48 34 42 42
0892_0011_0037_0038_0038.jpg 1 11 37 38 38
0893_0048_0033_0045_0045.jpg 1 48 33 45 45
0894_0015_0034_0041_0041.jpg 1 15 34 41 41
0895_0024_0030_0061_0061.jpg 1 24 30 61 61
0896_0004_0018_0060_0060.jpg 1 4 18 60 60
0897_0013_0012_0055_0055.jpg 1 13 12 55 55
0898_0018_0042_0037_0037.jpg 1 18 42 37 37
0899_0027_0017_0043_0043.jpg 1 27 17 43 43
0900_0014_0018_0032_0032.jpg 1 14 18 32 32
0901_0021_0016_0066_0066.jpg 1 21 16 66 66
0902_0047_0021_0028_0028.jpg 1 47 21 28 28
0903_0021_0020_0035_0035.jpg 1 21 20 35 35
0904_0008_0032_0063_0063.jpg 1 8 32 63 63
0905_0039_0063_0027_0027.jpg 1 39 63 27 27
0906_0058_0053_0029_0029.jpg 1 58 53 29 29
0907_0032_0010_0061_0061.jpg 1 32 10 61 61
0908_0035_0035_0056_0056.jpg 1 35 35 56 56
0909_0044_0046_0027_0027.jpg 1 44 46 27 27
0910_0023_0029_0064_0064.jpg 1 23 29 64 64
0911_0019_0024_0060_0060.jpg 1 19 24 60 60
0912_0028_0035_0048_0048.jpg 1 28 35 48 48
0913_0009_0029_0066_0066.jpg 1 9 29 66 66
0914_0023_0031_0065_0065.jpg 1 23 31 65 65
0915_0007_0012_0062_0062.jpg 1 7 12 62 62
0916_0020_0010_0058_0058.jpg 1 20 10 58 58
0917_0026_0013_0041_0041.jpg 1 26 13 41 41
0918_0028_0019_0025_0025.jpg 1 28 19 25 25
0919_0018_0006_0069_0069.jpg 1 18 6 69 69
0920_0010_0054_0024_0024.jpg 1 10 54 24 24
0921_0035_0040_0030_0030.jpg 1 35 40 30 30
0922_0044_0062_0026_0026.jpg 1 44 62 26 26
0923_0028_0017_0060_0060.jpg 1 28 17 60 60
0924_0030_0040_0051_0051.jpg 1 30 40 51 51
0925_0042_0013_0048_0048.jpg 1 42 13 48 48
0926_0049_0045_0040_0040.jpg 1 49 45 40 40
0927_0024_0025_0062_0062.jpg 1 24 25 62 62
0928_0019_0013_0058_0058.jpg 1 19 13 58 58
0929_0037_0043_0051_0051.jpg 1 37 43 51 51
0930_0031_0026_0045_0045.jpg 1 31 26 45 45
0931_0035_0026_0054_0054.jpg 1 35 26 54 54
0932_0010_0025_0040_0040.jpg 1 10 25 40 40
0933_0039_0024_0051_0051.jpg 1 39 24 51 51
0934_0048_0024_0037_0037.jpg 1 48 24 37 37
0935_0042_0020_0051_0051.jpg 1 42 20 51 51
0936_0013_0029_0052_0052.jpg 1 13 29 52 52
0937_0034_0023_0048_0048.jpg 1 34 23 48 48
0938_0005_0009_0062_0062.jpg 1 5 9 62 62
0939_0011_0022_0063_0063.jpg 1 11 22 63 63
0940_0021_0023_0062_0062.jpg 1 21 23 62 62
0941_0046_0035_0033_0033.jpg 1 46 35 33 33
0942_0028_0018_0046_0046.jpg 1 28 18 46 46
0943_0039_0055_0036_0036.jpg 1 39 55 36 36
0944_0046_0050_0037_0037.jpg 1 46 50 37 37
0945_0058_0007_0027_0027.jpg 1 58 7 27 27
0946_0019_0048_0034_0034.jpg 1 19 48 34 34
0947_0040_0006_0053_0053.jpg 1 40 6 53 53
0948_0015_0009_0029_0029.jpg 1 15 9 29 29
0949_0010_0025_0067_0067.jpg 1 10 25 67 67
0950_0025_0027_0066_0066.jpg 1 25 27 66 66
0951_0046_0064_0024_0024.jpg 1 46 64 24 24
0952_0009_0008_0048_0048.jpg 1 9 8 48 48
0953_0052_0037_0035_0035.jpg 1 52 37 35 35
0954_0024_0022_0057_0057.jpg 1 24 22 57 57
0955_0060_0059_0024_0024.jpg 1 60 59 24 24
0956_0008_0040_0030_0030.jpg 1 8 40 30 30
0957_0022_0023_0061_0061.jpg 1 22 23 61 61
0958_0040_0055_0028_0028.jpg 1 40 55 28 28
0959_0011_0043_0044_0044.jpg 1 11 43 44 44
0960_0022_0031_0043_0043.jpg 1 22 31 43 43
0961_0028_0018_0051_0051.jpg 1 28 18 51 51
0962_0037_0017_0037_0037.jpg 1 37 17 37 37
0963_0042_0010_0047_0047.jpg 1 42 10 47 47
0964_0046_0021_0038_0038.jpg 1 46 21 38 38
0965_0012_0017_0063_0063.jpg 1 12 17 63 63
0966_0029_0032_0029_0029.jpg 1 29 32 29 29
0967_0014_0054_0030_0030.jpg 1 14 54 30 30
0968_0028_0045_0027_0027.jpg 1 28 45 27 27
0969_0013_0010_0057_0057.jpg 1 13 10 57 57
0970_0036_0036_0045_0045.jpg 1 36 36 45 45
0971_0027_0025_0068_0068.jpg 1 27 25 68 68
0972_0023_0033_0043_0043.jpg 1 23 33 43 43
0973_0019_0042_0046_0046.jpg 1 19 42 46 46
0974_0012_0017_0052_0052.jpg 1 12 17 52 52
0975_0030_0025_0048_0048.jpg 1 30 25 48 48
0976_0003_0009_0066_0066.jpg 1 3 9 66 66
0977_0011_0028_0035_0035.jpg 1 11 28 35 35
0978_0047_0047_0035_0035.jpg 1 47 47 35 35
0979_0012_0043_0036_0036.jpg 1 12 43 36 36
0980_0019_0035_0057_0057.jpg 1 19 35 57 57
0981_0040_0011_0040_0040.jpg 1 40 11 40 40
0982_0034_0007_0062_0062.jpg 1 34 7 62 62
0983_0009_0016_0054_0054.jpg 1 9 16 54 54
0984_0021_0009_0053_0053.jpg 1 21 9 53 53
0985_0022_0041_0053_0053.jpg 1 22 41 53 53
0986_0013_0038_0046_0046.jpg 1 13 38 46 46
0987_0018_0009_0057_0057.jpg 1 18 9 57 57
0988_0008_0030_0064_0064.jpg 1 8 30 64 64
0989_0009_0024_0054_0054.jpg 1 9 24 54 54
0990_0028_0020_0036_0036.jpg 1 28 20 36 36
0991_0011_0021_0047_0047.jpg 1 11 21 47 47
0992_0018_0020_0065_0065.jpg 1 18 20 65 65
0993_0016_0021_0042_0042.jpg 1 16 21 42 42
0994_0020_0005_0061_0061.jpg 1 20 5 61 61
0995_0044_0043_0030_0030.jpg 1 44 43 30 30
0996_0042_0022_0038_0038.jpg 1 42 22 38 38
0997_0053_0055_0036_0036.jpg 1 53 55 36 36
0998_0016_0040_0038_0038.jpg 1 16 40 38 38
0999_0028_0029_0065_0065.jpg 1 28 29 65 65
1000_0018_0023_0058_0058.jpg 1 18 23 58 58
1001_0033_0033_0058_0058.jpg 1 33 33 58 58
1002_0016_0019_0056_0056.jpg 1 16 19 56 56
1003_0039_0059_0032_0032.jpg 1 39 59 32 32
1004_0009_0020_0042_0042.jpg 1 9 20 42 42
1005_0025_0036_0035_0035.jpg 1 25 36 35 35
1006_0029_0026_0037_0037.jpg 1 29 26 37 37
1007_0035_0041_0045_0045.jpg 1 35 41 45 45
1008_0017_0025_0069_0069.jpg 1 17 25 69 69
1009_0005_0008_0064_0064.jpg 1 5 8 64 64
1010_0022_0014_0038_0038.jpg 1 22 14 38 38
1011_0031_0037_0027_0027.jpg 1 31 37 27 27
1012_0031_0025_0050_0050.jpg 1 31 25 50 50
1013_0008_0019_0063_0063.jpg 1 8 19 63 63
1014_0019_0017_0059_0059.jpg 1 19 17 59 59
1015_0029_0029_0047_0047.jpg 1 29 29 47 47
1016_0010_0017_0034_0034.jpg 1 10 17 34 34
1017_0012_0042_0037_0037.jpg 1 12 42 37 37
1018_0010_0026_0066_0066.jpg 1 10 26 66 66
1019_0025_0014_0059_0059.jpg 1 25 14 59 59
1020_0006_0007_0045_0045.jpg 1 6 7 45 45
1021_0022_0026_0056_0056.jpg 1 22 26 56 56
1022_0035_0050_0025_0025.jpg 1 35 50 25 25
1023_0044_0046_0033_0033.jpg 1 44 46 33 33
1024_0041_0030_0046_0046.jpg 1 41 30 46 46
1025_0008_0018_0063_0063.jpg 1 8 18 63 63
1026_0035_0037_0057_0057.jpg 1 35 37 57 57
1027_0020_0064_0024_0024.jpg 1 20 64 24 24
1028_0008_0043_0049_0049.jpg 1 8 43 49 49
1029_0016_0012_0045_0045.jpg 1 16 12 45 45
1030_0030_0018_0063_0063.jpg 1 30 18 63 63
1031_0048_0022_0040_0040.jpg 1 48 22 40 40
1032_0004_0004_0065_0065.jpg 1 4 4 65 65
1033_0009_0014_0055_0055.jpg 1 9 14 55 55
1034_0044_0056_0028_0028.jpg 1 44 56 28 28
1035_0029_0047_0025_0025.jpg 1 29 47 25 25
1036_0009_0034_0059_0059.jpg 1 9 34 59 59
1037_0028_0012_0064_0064.jpg 1 28 12 64 64
1038_0027_0013_0062_0062.jpg 1 27 13 62 62
1039_0006_0021_0043_0043.jpg 1 6 21 43 43
1040_0028_0008_0040_0040.jpg 1 28 8 40 40
1041_0026_0018_0055_0055.jpg 1 26 18 55 55
1042_0044_0013_0030_0030.jpg 1 44 13 30 30
1043_0021_0029_0065_0065.jpg 1 21 29 65 65
1044_0021_0007_0065_0065.jpg 1 21 7 65 65
1045_0046_0049_0045_0045.jpg 1 46 49 45 45
1046_0017_0015_0067_0067.jpg 1 17 15 67 67
1047_0051_0043_0031_0031.jpg 1 51 43 31 31
1048_0039_0027_0027_0027.jpg 1 39 27 27 27
1049_0015_0014_0063_0063.jpg 1 15 14 63 63
1050_0021_0028_0062_0062.jpg 1 21 28 62 62
1051_0015_0023_0067_0067.jpg 1 15 23 67 67
1052_0015_0011_0052_0052.jpg 1 15 11 52 52
1053_0038_0032_0032_0032.jpg 1 38 32 32 32
1054_0039_0019_0028_0028.jpg 1 39 19 28 28
1055_0013_0009_0035_0035.jpg 1 13 9 35 35
1056_0029_0031_0062_0062.jpg 1 29 31 62 62
1057_0036_0009_0056_0056.jpg 1 36 9 56 56
1058_0037_0026_0044_0044.jpg 1 37 26 44 44
1059_0012_0005_0058_0058.jpg 1 12 5 58 58
1060_0012_0025_0055_0055.jpg 1 12 25 55 55
1061_0008_0027_0057_0057.jpg 1 8 27 57 57
1062_0009_0016_0055_0055.jpg 1 9 16 55 55
1063_0041_0019_0049_0049.jpg 1 41 19 49 49
1064_0056_0024_0037_0037.jpg 1 56 24 37 37
1065_0006_0005_0057_0057.jpg 1 6 5 57 57
1066_0028_0031_0058_0058.jpg 1 28 31 58 58
1067_0015_0027_0053_0053.jpg 1 15 27 53 53
1068_0036_0041_0041_0041.jpg 1 36 41 41 41
1069_0006_0033_0039_0039.jpg 1 6 33 39 39
1070_0007_0042_0027_0027.jpg 1 7 42 27 27
1071_0055_0040_0027_0027.jpg 1 55 40 27 27
1072_0035_0041_0048_0048.jpg 1 35 41 48 48
1073_0008_0012_0066_0066.jpg 1 8 12 66 66
1074_0022_0012_0067_0067.jpg 1 22 12 67 67
1075_0039_0030_0036_0036.jpg 1 39 30 36 36
1076_0027_0004_0063_0063.jpg 1 27 4 63 63
1077_0011_0019_0030_0030.jpg 1 11 19 30 30
1078_0009_0055_0033_0033.jpg 1 9 55 33 33
1079_0004_0025_0069_0069.jpg 1 4 25 69 69
1080_0016_0027_0062_0062.jpg 1 16 27 62 62
1081_0003_0018_0069_0069.jpg 1 3 18 69 69
1082_0036_0025_0024_0024.jpg 1 36 25 24 24
1083_0051_0025_0030_0030.jpg 1 51 25 30 30
1084_0006_0010_0062_0062.jpg 1 6 10 62 62
1085_0030_0008_0063_0063.jpg 1 30 8 63 63
1086_0023_0013_0056_0056.jpg 1 23 13 56 56
1087_0009_0005_0061_0061.jpg 1 9 5 61 61
1088_0062_0010_0029_0029.jpg 1 62 10 29 29
1089_0047_0034_0033_0033.jpg 1 47 34 33 33
1090_0027_0023_0064_0064.jpg 1 27 23 64 64
1091_0015_0050_0030_0030.jpg 1 15 50 30 30
1092_0021_0033_0051_0051.jpg 1 21 33 51 51
1093_0036_0037_0037_0037.jpg 1 36 37 37 37
1094_0005_0009_0057_0057.jpg 1 5 9 57 57
1095_0028_0018_0058_0058.jpg 1 28 18 58 58
1096_0030_0030_0052_0052.jpg 1 30 30 52 52
1097_0008_0025_0068_0068.jpg 1 8 25 68 68
1098_0027_0011_0058_0058.jpg 1 27 11 58 58
1099_0016_0010_0066_0066.jpg 1 16 10 66 66
1100_0045_0051_0033_0033.jpg 1 45 51 33 33
1101_0026_0038_0053_0053.jpg 1 26 38 53 53
1102_0047_0047_0036_0036.jpg 1 47 47 36 36
1103_0025_0011_0064_0064.jpg 1 25 11 64 64
1104_0019_0031_0061_0061.jpg 1 19 31 61 61
1105_0018_0018_0060_0060.jpg 1 18 18 60 60
1106_0007_0011_0053_0053.jpg 1 7 11 53 53
1107_0015_0009_0064_0064.jpg 1 15 9 64 64
1108_0010_0033_0026_0026.jpg 1 10 33 26 26
1109_0026_0043_0027_0027.jpg 1 26 43 27 27
1110_0052_0012_0027_0027.jpg 1 52 12 27 27
1111_0008_0006_0036_0036.jpg 1 8 6 36 36
1112_0049_0038_0041_0041.jpg 1 49 38 41 41
1113_0009_0028_0059_0059.jpg 1 9 28 59 59
1114_0011_0032_0048_0048.jpg 1 11 32 48 48
1115_0041_0049_0041_0041.jpg 1 41 49 41 41
1116_0009_0023_0033_0033.jpg 1 9 23 33 33
1117_0011_0025_0060_0060.jpg 1 11 25 60 60
1118_0017_0042_0032_0032.jpg 1 17 42 32 32
1119_0032_0023_0039_0039.jpg 1 32 23 39 39
1120_0035_0021_0037_0037.jpg 1 35 21 37 37
1121_0033_0028_0060_0060.jpg 1 33 28 60 60
1122_0027_0049_0026_0026.jpg 1 27 49 26 26
1123_0028_0053_0027_0027.jpg 1 28 53 27 27
1124_0011_0011_0054_0054.jpg 1 11 11 54 54
1125_0059_0033_0027_0027.jpg 1 59 33 27 27
1126_0034_0024_0042_0042.jpg 1 34 24 42 42
1127_0035_0013_0059_0059.jpg 1 35 13 59 59
1128_0022_0054_0030_0030.jpg 1 22 54 30 30
1129_0028_0030_0058_0058.jpg 1 28 30 58 58
1130_0032_0043_0049_0049.jpg 1 32 43 49 49
1131_0029_0029_0050_0050.jpg 1 29 29 50 50
1132_0024_0046_0047_0047.jpg 1 24 46 47 47
1133_0031_0051_0042_0042.jpg 1 31 51 42 42
1134_0032_0010_0049_0049.jpg 1 32 10 49 49
1135_0042_0021_0052_0052.jpg 1 42 21 52 52
1136_0022_0026_0049_0049.jpg 1 22 26 49 49
1137_0013_0014_0029_0029.jpg 1 13 14 29 29
1138_0042_0012_0040_0040.jpg 1 42 12 40 40
1139_0051_0032_0035_0035.jpg 1 51 32 35 35
1140_0015_0051_0030_0030.jpg 1 15 51 30 30
1141_0011_0033_0032_0032.jpg 1 11 33 32 32
1142_0021_0016_0025_0025.jpg 1 21 16 25 25
1143_0007_0023_0048_0048.jpg 1 7 23 48 48
1144_0010_0015_0063_0063.jpg 1 10 15 63 63
1145_0040_0024_0041_0041.jpg 1 40 24 41 41
1146_0025_0014_0069_0069.jpg 1 25 14 69 69
1147_0030_0027_0058_0058.jpg 1 30 27 58 58
1148_0024_0046_0047_0047.jpg 1 24 46 47 47
1149_0055_0025_0034_0034.jpg 1 55 25 34 34
1150_0026_0030_0048_0048.jpg 1 26 30 48 48
1151_0027_0043_0028_0028.jpg 1 27 43 28 28
1152_0050_0019_0040_0040.jpg 1 50 19 40 40
1153_0026_0053_0025_0025.jpg 1 26 53 25 25
1154_0046_0035_0040_0040.jpg 1 46 35 40 40
1155_0028_0057_0031_0031.jpg 1 28 57 31 31
1156_0037_0021_0035_0035.jpg 1 37 21 35 35
1157_0046_0055_0038_0038.jpg 1 46 55 38 38
1158_0027_0034_0037_0037.jpg 1 27 34 37 37
1159_0017_0012_0056_0056.jpg 1 17 12 56 56
1160_0033_0030_0032_0032.jpg 1 33 30 32 32
1161_0020_0036_0030_0030.jpg 1 20 36 30 30
1162_0039_0024_0041_0041.jpg 1 39 24 41 41
1163_0029_0028_0057_0057.jpg 1 29 28 57 57
1164_0008_0026_0048_0048.jpg 1 8 26 48 48
1165_0009_0011_0036_0036.jpg 1 9 11 36 36
1166_0035_0026_0037_0037.jpg 1 35 26 37 37
1167_0026_0028_0063_0063.jpg 1 26 28 63 63
1168_0012_0022_0064_0064.jpg 1 12 22 64 64
1169_0005_0017_0065_0065.jpg 1 5 17 65 65
1170_0016_0034_0056_0056.jpg 1 16 34 56 56
1171_0009_0066_0026_0026.jpg 1 9 66 26 26
1172_0041_0043_0046_0046.jpg 1 41 43 46 46
1173_0010_0024_0035_0035.jpg 1 10 24 35 35
1174_0040_0027_0042_0042.jpg 1 40 27 42 42
1175_0017_0010_0063_0063.jpg 1 17 10 63 63
1176_0017_0029_0065_0065.jpg 1 17 29 65 65
1177_0027_0019_0050_0050.jpg 1 27 19 50 50
1178_0028_0020_0068_0068.jpg 1 28 20 68 68
1179_0041_0015_0025_0025.jpg 1 41 15 25 25
1180_0020_0021_0065_0065.jpg 1 20 21 65 65
1181_0051_0043_0037_0037.jpg 1 51 43 37 37
1182_0049_0020_0042_0042.jpg 1 49 20 42 42
1183_0028_0032_0041_0041.jpg 1 28 32 41 41
1184_0011_0020_0056_0056.jpg 1 11 20 56 56
1185_0030_0051_0042_0042.jpg 1 30 51 42 42
1186_0011_0048_0043_0043.jpg 1 11 48 43 43
1187_0032_0041_0037_0037.jpg 1 32 41 37 37
1188_0011_0012_0030_0030.jpg 1 11 12 30 30
1189_0039_0016_0051_0051.jpg 1 39 16 51 51
1190_0032_0008_0054_0054.jpg 1 32 8 54 54
1191_0022_0031_0054_0054.jpg 1 22 31 54 54
1192_0045_0013_0034_0034.jpg 1 45 13 34 34
1193_0006_0015_0053_0053.jpg 1 6 15 53 53
1194_0034_0019_0060_0060.jpg 1 34 19 60 60
1195_0017_0039_0045_0045.jpg 1 17 39 45 45
1196_0019_0031_0051_0051.jpg 1 19 31 51 51
1197_0013_0014_0025_0025.jpg 1 13 14 25 25
1198_0021_0006_0065_0065.jpg 1 21 6 65 65
1199_0026_0042_0048_0048.jpg 1 26 42 48 48
1200_0021_0025_0051_0051.jpg 1 21 25 51 51
1201_0009_0025_0055_0055.jpg 1 9 25 55 55
1202_0033_0010_0058_0058.jpg 1 33 10 58 58
1203_0015_0032_0024_0024.jpg 1 15 32 24 24
1204_0056_0056_0030_0030.jpg 1 56 56 30 30
1205_0050_0022_0043_0043.jpg 1 50 22 43 43
1206_0033_0045_0049_0049.jpg 1 33 45 49 49
1207_0022_0027_0036_0036.jpg 1 22 27 36 36
1208_0018_0006_0068_0068.jpg 1 18 6 68 68
1209_0011_0012_0061_0061.jpg 1 11 12 61 61
1210_0011_0005_0063_0063.jpg 1 11 5 63 63
1211_0035_0028_0035_0035.jpg 1 35 28 35 35
1212_0031_0017_0051_0051.jpg 1 31 17 51 51
1213_0034_0019_0041_0041.jpg 1 34 19 41 41
1214_0025_0032_0050_0050.jpg 1 25 32 50 50
1215_0048_0048_0040_0040.jpg 1 48 48 40 40
1216_0058_0018_0030_0030.jpg 1 58 18 30 30
1217_0032_0041_0049_0049.jpg 1 32 41 49 49
1218_0009_0007_0068_0068.jpg 1 9 7 68 68
1219_0017_0018_0068_0068.jpg 1 17 18 68 68
1220_0053_0008_0035_0035.jpg 1 53 8 35 35
1221_0054_0012_0035_0035.jpg 1 54 12 35 35
1222_0013_0030_0044_0044.jpg 1 13 30 44 44
1223_0008_0038_0054_0054.jpg 1 8 38 54 54
1224_0008_0025_0051_0051.jpg 1 8 25 51 51
1225_0050_0011_0027_0027.jpg 1 50 11 27 27
1226_0005_0013_0064_0064.jpg 1 5 13 64 64
1227_0026_0035_0046_0046.jpg 1 26 35 46 46
1228_0017_0007_0043_0043.jpg 1 17 7 43 43
1229_0048_0016_0039_0039.jpg 1 48 16 39 39
1230_0055_0028_0037_0037.jpg 1 55 28 37 37
1231_0010_0025_0066_0066.jpg 1 10 25 66 66
1232_0012_0049_0035_0035.jpg 1 12 49 35 35
1233_0040_0050_0032_0032.jpg 1 40 50 32 32
1234_0054_0052_0028_0028.jpg 1 54 52 28 28
1235_0033_0030_0052_0052.jpg 1 33 30 52 52
1236_0013_0038_0056_0056.jpg 1 13 38 56 56
1237_0060_0027_0024_0024.jpg 1 60 27 24 24
1238_0029_0009_0032_0032.jpg 1 29 9 32 32
1239_0058_0034_0031_0031.jpg 1 58 34 31 31
1240_0009_0027_0061_0061.jpg 1 9 27 61 61
1241_0009_0022_0054_0054.jpg 1 9 22 54 54
1242_0025_0039_0051_0051.jpg 1 25 39 51 51
1243_0034_0014_0047_0047.jpg 1 34 14 47 47
1244_0006_0020_0067_0067.jpg 1 6 20 67 67
1245_0014_0024_0028_0028.jpg 1 14 24 28 28
1246_0018_0050_0031_0031.jpg 1 18 50 31 31
1247_0017_0010_0037_0037.jpg 1 17 10 37 37
1248_0006_0031_0061_0061.jpg 1 6 31 61 61
1249_0014_0043_0042_0042.jpg 1 14 43 42 42
1250_0006_0027_0063_0063.jpg 1 6 27 63 63
1251_0008_0005_0064_0064.jpg 1 8 5 64 64
1252_0019_0038_0055_0055.jpg 1 19 38 55 55
1253_0014_0018_0039_0039.jpg 1 14 18 39 39
1254_0006_0023_0067_0067.jpg 1 6 23 67 67
1255_0021_0019_0055_0055.jpg 1 21 19 55 55
1256_0031_0037_0051_0051.jpg 1 31 37 51 51
1257_0032_0026_0062_0062.jpg 1 32 26 62 62
1258_0039_0025_0052_0052.jpg 1 39 25 52 52
1259_0022_0017_0063_0063.jpg 1 22 17 63 63
1260_0011_0004_0058_0058.jpg 1 11 4 58 58
1261_0015_0020_0065_0065.jpg 1 15 20 65 65
1262_0007_0023_0025_0025.jpg 1 7 23 25 25
1263_0047_0018_0046_0046.jpg 1 47 18 46 46
1264_0035_0035_0046_0046.jpg 1 35 35 46 46
1265_0006_0025_0066_0066.jpg 1 6 25 66 66
1266_0054_0057_0034_0034.jpg 1 54 57 34 34
1267_0053_0013_0031_0031.jpg 1 53 13 31 31
1268_0011_0021_0057_0057.jpg 1 11 21 57 57
1269_0035_0012_0059_0059.jpg 1 35 12 59 59
1270_0047_0051_0039_0039.jpg 1 47 51 39 39
1271_0030_0053_0035_0035.jpg 1 30 53 35 35
1272_0044_0044_0045_0045.jpg 1 44 44 45 45
1273_0043_0052_0040_0040.jpg 1 43 52 40 40
1274_0027_0006_0037_0037.jpg 1 27 6 37 37
1275_0027_0033_0027_0027.jpg 1 27 33 27 27
1276_0044_0036_0042_0042.jpg 1 44 36 42 42
1277_0024_0017_0052_0052.jpg 1 24 17 52 52
1278_0007_0024_0054_0054.jpg 1 7 24 54 54
1279_0057_0018_0025_0025.jpg 1 57 18 25 25
1280_0026_0061_0030_0030.jpg 1 26 61 30 30
1281_0021_0008_0047_0047.jpg 1 21 8 47 47
1282_0036_0012_0047_0047.jpg 1 36 12 47 47
1283_0023_0061_0025_0025.jpg 1 23 61 25 25
1284_0010_0006_0056_0056.jpg 1 10 6 56 56
1285_0025_0021_0061_0061.jpg 1 25 21 61 61
1286_0034_0006_0048_0048.jpg 1 34 6 48 48
1287_0023_0006_0055_0055.jpg 1 23 6 55 55
1288_0042_0018_0050_0050.jpg 1 42 18 50 50
1289_0028_0040_0048_0048.jpg 1 28 40 48 48
1290_0019_0006_0043_0043.jpg 1 19 6 43 43
1291_0014_0044_0028_0028.jpg 1 14 44 28 28
1292_0030_0012_0063_0063.jpg 1 30 12 63 63
1293_0017_0009_0062_0062.jpg 1 17 9 62 62
1294_0026_0004_0069_0069.jpg 1 26 4 69 69
1295_0033_0022_0041_0041.jpg 1 33 22 41 41
1296_0030_0020_0060_0060.jpg 1 30 20 60 60
1297_0023_0016_0066_0066.jpg 1 23 16 66 66
1298_0024_0014_0034_0034.jpg 1 24 14 34 34
1299_0040_0026_0048_0048.jpg 1 40 26 48 48
1300_0009_0034_0059_0059.jpg 1 9 34 59 59
1301_0021_0031_0046_0046.jpg 1 21 31 46 46
1302_0043_0062_0029_0029.jpg 1 43 62 29 29
1303_0025_0009_0063_0063.jpg 1 25 9 63 63
1304_0035_0015_0051_0051.jpg 1 35 15 51 51
1305_0030_0015_0050_0050.jpg 1 30 15 50 50
1306_0006_0008_0059_0059.jpg 1 6 8 59 59
1307_0024_0007_0066_0066.jpg 1 24 7 66 66
1308_0036_0016_0046_0046.jpg 1 36 16 46 46
1309_0026_0025_0067_0067.jpg 1 26 25 67 67
1310_0046_0038_0026_0026.jpg 1 46 38 26 26
1311_0019_0022_0062_0062.jpg 1 19 22 62 62
1312_0062_0012_0030_0030.jpg 1 62 12 30 30
1313_0035_0013_0035_0035.jpg 1 35 13 35 35
1314_0040_0006_0052_0052.jpg 1 40 6 52 52
1315_0032_0014_0050_0050.jpg 1 32 14 50 50
1316_0014_0041_0028_0028.jpg 1 14 41 28 28
1317_0043_0040_0050_0050.jpg 1 43 40 50 50
1318_0024_0034_0033_0033.jpg 1 24 34 33 33
1319_0031_0047_0037_0037.jpg 1 31 47 37 37
1320_0016_0041_0027_0027.jpg 1 16 41 27 27
1321_0019_0016_0047_0047.jpg 1 19 16 47 47
1322_0019_0021_0037_0037.jpg 1 19 21 37 37
1323_0030_0031_0040_0040.jpg 1 30 31 40 40
1324_0063_0024_0025_0025.jpg 1 63 24 25 25
1325_0030_0018_0050_0050.jpg 1 30 18 50 50
1326_0019_0013_0054_0054.jpg 1 19 13 54 54
1327_0032_0032_0054_0054.jpg 1 32 32 54 54
1328_0059_0039_0031_0031.jpg 1 59 39 31 31
1329_0018_0013_0034_0034.jpg 1 18 13 34 34
1330_0027_0007_0060_0060.jpg 1 27 7 60 60
1331_0018_0047_0042_0042.jpg 1 18 47 42 42
1332_0016_0036_0057_0057.jpg 1 16 36 57 57
1333_0035_0008_0035_0035.jpg 1 35 8 35 35
1334_0030_0022_0048_0048.jpg 1 30 22 48 48
1335_0058_0045_0028_0028.jpg 1 58 45 28 28
1336_0006_0034_0047_0047.jpg 1 6 34 47 47
1337_0034_0034_0041_0041.jpg 1 34 34 41 41
1338_0031_0065_0024_0024.jpg 1 31 65 24 24
1339_0057_0057_0028_0028.jpg 1 57 57 28 28
1340_0021_0005_0069_0069.jpg 1 21 5 69 69
1341_0029_0031_0064_0064.jpg 1 29 31 64 64
1342_0004_0012_0068_0068.jpg 1 4 12 68 68
1343_0011_0032_0062_0062.jpg 1 11 32 62 62
1344_0018_0028_0044_0044.jpg 1 18 28 44 44
1345_0032_0006_0056_0056.jpg 1 32 6 56 56
1346_0041_0016_0052_0052.jpg 1 41 16 52 52
1347_0024_0019_0065_0065.jpg 1 24 19 65 65
1348_0049_0038_0045_0045.jpg 1 49 38 45 45
1349_0057_0021_0025_0025.jpg 1 57 21 25 25
1350_0045_0014_0049_0049.jpg 1 45 14 49 49
1351_0007_0006_0068_0068.jpg 1 7 6 68 68
1352_0011_0022_0051_0051.jpg 1 11 22 51 51
1353_0018_0021_0055_0055.jpg 1 18 21 55 55
1354_0012_0014_0054_0054.jpg 1 12 14 54 54
1355_0012_0009_0068_0068.jpg 1 12 9 68 68
1356_0009_0011_0026_0026.jpg 1 9 11 26 26
1357_0016_0035_0057_0057.jpg 1 16 35 57 57
1358_0043_0010_0035_0035.jpg 1 43 10 35 35
1359_0043_0050_0028_0028.jpg 1 43 50 28 28
1360_0015_0040_0030_0030.jpg 1 15 40 30 30
1361_0033_0031_0062_0062.jpg 1 33 31 62 62
1362_0004_0012_0066_0066.jpg 1 4 12 66 66
1363_0009_0039_0052_0052.jpg 1 9 39 52 52
1364_0018_0044_0036_0036.jpg 1 18 44 36 36
1365_0024_0019_0055_0055.jpg 1 24 19 55 55
1366_0032_0012_0042_0042.jpg 1 32 12 42 42
1367_0049_0008_0044_0044.jpg 1 49 8 44 44
1368_0035_0024_0025_0025.jpg 1 35 24 25 25
1369_0016_0012_0027_0027.jpg 1 16 12 27 27
1370_0059_0024_0033_0033.jpg 1 59 24 33 33
1371_0023_0041_0035_0035.jpg 1 23 41 35 35
1372_0029_0040_0041_0041.jpg 1 29 40 41 41
1373_0011_0038_0054_0054.jpg 1 11 38 54 54
1374_0040_0044_0035_0035.jpg 1 40 44 35 35
1375_0029_0034_0051_0051.jpg 1 29 34 51 51
1376_0012_0023_0067_0067.jpg 1 12 23 67 67
1377_0034_0009_0055_0055.jpg 1 34 9 55 55
1378_0033_0054_0031_0031.jpg 1 33 54 31 31
1379_0008_0011_0039_0039.jpg 1 8 11 39 39
1380_0039_0008_0032_0032.jpg 1 39 8 32 32
1381_0017_0021_0067_0067.jpg 1 17 21 67 67
1382_0022_0026_0038_0038.jpg 1 22 26 38 38
1383_0034_0028_0044_0044.jpg 1 34 28 44 44
1384_0021_0027_0066_0066.jpg 1 21 27 66 66
1385_0017_0046_0035_0035.jpg 1 17 46 35 35
1386_0060_0013_0029_0029.jpg 1 60 13 29 29
1387_0035_0015_0041_0041.jpg 1 35 15 41 41
1388_0027_0013_0065_0065.jpg 1 27 13 65 65
1389_0011_0021_0044_0044.jpg 1 11 21 44 44
1390_0032_0049_0031_0031.jpg 1 32 49 31 31
1391_0013_0013_0049_0049.jpg 1 13 13 49 49
1392_0033_0020_0033_0033.jpg 1 33 20 33 33
1393_0008_0027_0032_0032.jpg 1 8 27 32 32
1394_0013_0009_0064_0064.jpg 1 13 9 64 64
1395_0015_0007_0049_0049.jpg 1 15 7 49 49
1396_0016_0013_0062_0062.jpg 1 16 13 62 62
1397_0020_0013_0065_0065.jpg 1 20 13 65 65
1398_0029_0023_0067_0067.jpg 1 29 23 67 67
1399_0003_0013_0068_0068.jpg 1 3 13 68 68
1400_0046_0022_0041_0041.jpg 1 46 22 41 41
1401_0017_0010_0059_0059.jpg 1 17 10 59 59
1402_0025_0032_0059_0059.jpg 1 25 32 59 59
1403_0020_0003_0065_0065.jpg 1 20 3 65 65
1404_0009_0036_0059_0059.jpg 1 9 36 59 59
1405_0038_0054_0024_0024.jpg 1 38 54 24 24
1406_0054_0060_0032_0032.jpg 1 54 60 32 32
1407_0016_0045_0048_0048.jpg 1 16 45 48 48
1408_0023_0005_0059_0059.jpg 1 23 5 59 59
1409_0020_0015_0059_0059.jpg 1 20 15 59 59
1410_0062_0023_0027_0027.jpg 1 62 23 27 27
1411_0015_0016_0056_0056.jpg 1 15 16 56 56
1412_0043_0036_0046_0046.jpg 1 43 36 46 46
1413_0010_0007_0026_0026.jpg 1 10 7 26 26
1414_0032_0026_0046_0046.jpg 1 32 26 46 46
1415_0022_0006_0064_0064.jpg 1 22 6 64 64
1416_0033_0027_0046_0046.jpg 1 33 27 46 46
1417_0018_0045_0039_0039.jpg 1 18 45 39 39
1418_0027_0023_0041_0041.jpg 1 27 23 41 41
1419_0042_0023_0043_0043.jpg 1 42 23 43 43
1420_0020_0027_0037_0037.jpg 1 20 27 37 37
1421_0047_0026_0039_0039.jpg 1 47 26 39 39
1422_0007_0018_0061_0061.jpg 1 7 18 61 61
1423_0037_0033_0051_0051.jpg 1 37 33 51 51
1424_0057_0059_0031_0031.jpg 1 57 59 31 31
1425_0027_0030_0049_0049.jpg 1 27 30 49 49
1426_0049_0013_0039_0039.jpg 1 49 13 39 39
1427_0006_0031_0060_0060.jpg 1 6 31 60 60
1428_0023_0021_0049_0049.jpg 1 23 21 49 49
1429_0014_0005_0064_0064.jpg 1 14 5 64 64
1430_0040_0060_0024_0024.jpg 1 40 60 24 24
1431_0011_0041_0048_0048.jpg 1 11 41 48 48
1432_0024_0016_0044_0044.jpg 1 24 16 44 44
1433_0049_0046_0042_0042.jpg 1 49 46 42 42
1434_0022_0032_0056_0056.jpg 1 22 32 56 56
1435_0028_0041_0051_0051.jpg 1 28 41 51 51
1436_0045_0045_0047_0047.jpg 1 45 45 47 47
1437_0039_0041_0042_0042.jpg 1 39 41 42 42
1438_0049_0056_0032_0032.jpg 1 49 56 32 32
1439_0030_0040_0047_0047.jpg 1 30 40 47 47
1440_0029_0009_0046_0046.jpg 1 29 9 46 46
1441_0020_0018_0038_0038.jpg 1 20 18 38 38
1442_0024_0044_0031_0031.jpg 1 24 44 31 31
1443_0025_0014_0057_0057.jpg 1 25 14 57 57
1444_0015_0005_0069_0069.jpg 1 15 5 69 69
1445_0009_0016_0055_0055.jpg 1 9 16 55 55
1446_0014_0019_0028_0028.jpg 1 14 19 28 28
1447_0042_0007_0041_0041.jpg 1 42 7 41 41
1448_0024_0003_0069_0069.jpg 1 24 3 69 69
1449_0021_0007_0040_0040.jpg 1 21 7 40 40
1450_0024_0010_0062_0062.jpg 1 24 10 62 62
1451_0037_0038_0043_0043.jpg 1 37 38 43 43
1452_0031_0032_0026_0026.jpg 1 31 32 26 26
1453_0024_0044_0039_0039.jpg 1 24 44 39 39
1454_0008_0033_0055_0055.jpg 1 8 33 55 55
1455_0029_0023_0050_0050.jpg 1 29 23 50 50
1456_0023_0047_0029_0029.jpg 1 23 47 29 29
1457_0022_0021_0064_0064.jpg 1 22 21 64 64
1458_0019_0019_0048_0048.jpg 1 19 19 48 48
1459_0025_0029_0037_0037.jpg 1 25 29 37 37
1460_0052_0025_0037_0037.jpg 1 52 25 37 37
1461_0052_0044_0040_0040.jpg 1 52 44 40 40
1462_0064_0055_0025_0025.jpg 1 64 55 25 25
1463_0033_0023_0044_0044.jpg 1 33 23 44 44
1464_0023_0007_0048_0048.jpg 1 23 7 48 48
1465_0024_0012_0068_0068.jpg 1 24 12 68 68
1466_0005_0008_0060_0060.jpg 1 5 8 60 60
1467_0059_0025_0029_0029.jpg 1 59 25 29 29
1468_0029_0022_0061_0061.jpg 1 29 22 61 61
1469_0017_0026_0029_0029.jpg 1 17 26 29 29
1470_0009_0026_0048_0048.jpg 1 9 26 48 48
1471_0029_0018_0066_0066.jpg 1 29 18 66 66
1472_0029_0031_0038_0038.jpg 1 29 31 38 38
1473_0013_0014_0032_0032.jpg 1 13 14 32 32
1474_0018_0010_0067_0067.jpg 1 18 10 67 67
1475_0044_0005_0045_0045.jpg 1 44 5 45 45
1476_0058_0048_0033_0033.jpg 1 58 48 33 33
1477_0027_0019_0069_0069.jpg 1 27 19 69 69
1478_0018_0045_0043_0043.jpg 1 18 45 43 43
1479_0018_0014_0068_0068.jpg 1 18 14 68 68
1480_0019_0031_0061_0061.jpg 1 19 31 61 61
1481_0018_0014_0053_0053.jpg 1 18 14 53 53
1482_0061_0055_0024_0024.jpg 1 61 55 24 24
1483_0034_0028_0054_0054.jpg 1 34 28 54 54
1484_0036_0008_0052_0052.jpg 1 36 8 52 52
1485_0018_0053_0033_0033.jpg 1 18 53 33 33
1486_0022_0005_0065_0065.jpg 1 22 5 65 65
1487_0043_0026_0039_0039.jpg 1 43 26 39 39
1488_0028_0008_0048_0048.jpg 1 28 8 48 48
1489_0049_0012_0043_0043.jpg 1 49 12 43 43
1490_0017_0022_0059_0059.jpg 1 17 22 59 59
1491_0013_0024_0064_0064.jpg 1 13 24 64 64
1492_0017_0013_0066_0066.jpg 1 17 13 66 66
1493_0022_0056_0030_0030.jpg 1 22 56 30 30
1494_0009_0030_0028_0028.jpg 1 9 30 28 28
1495_0031_0009_0054_0054.jpg 1 31 9 54 54
1496_0040_0032_0040_0040.jpg 1 40 32 40 40
1497_0006_0019_0055_0055.jpg 1 6 19 55 55
1498_0012_0031_0058_0058.jpg 1 12 31 58 58
1499_0005_0009_0068_0068.jpg 1 5 9 68 68
1500_0008_0049_0041_0041.jpg 1 8 49 41 41
1501_0039_0038_0051_0051.jpg 1 39 38 51 51
1502_0025_0006_0067_0067.jpg 1 25 6 67 67
1503_0006_0047_0035_0035.jpg 1 6 47 35 35
1504_0004_0023_0063_0063.jpg 1 4 23 63 63
1505_0025_0009_0068_0068.jpg 1 25 9 68 68
1506_0019_0039_0041_0041.jpg 1 19 39 41 41
1507_0005_0028_0062_0062.jpg 1 5 28 62 62
1508_0008_0009_0069_0069.jpg 1 8 9 69 69
1509_0026_0015_0067_0067.jpg 1 26 15 67 67
1510_0004_0035_0060_0060.jpg 1 4 35 60 60
1511_0027_0005_0068_0068.jpg 1 27 5 68 68
1512_0010_0033_0032_0032.jpg 1 10 33 32 32
1513_0049_0040_0041_0041.jpg 1 49 40 41 41
1514_0024_0039_0048_0048.jpg 1 24 39 48 48
1515_0028_0038_0045_0045.jpg 1 28 38 45 45
1516_0053_0033_0037_0037.jpg 1 53 33 37 37
1517_0031_0034_0052_0052.jpg 1 31 34 52 52
1518_0003_0019_0064_0064.jpg 1 3 19 64 64
1519_0004_0007_0059_0059.jpg 1 4 7 59 59
1520_0005_0022_0064_0064.jpg 1 5 22 64 64
1521_0015_0018_0048_0048.jpg 1 15 18 48 48
1522_0009_0022_0069_0069.jpg 1 9 22 69 69
1523_0050_0035_0039_0039.jpg 1 50 35 39 39
1524_0023_0029_0067_0067.jpg 1 23 29 67 67
1525_0016_0023_0059_0059.jpg 1 16 23 59 59
1526_0050_0028_0034_0034.jpg 1 50 28 34 34
1527_0043_0007_0050_0050.jpg 1 43 7 50 50
1528_0025_0007_0063_0063.jpg 1 25 7 63 63
1529_0011_0019_0063_0063.jpg 1 11 19 63 63
1530_0017_0032_0063_0063.jpg 1 17 32 63 63
1531_0037_0042_0031_0031.jpg 1 37 42 31 31
1532_0019_0050_0031_0031.jpg 1 19 50 31 31
1533_0028_0004_0060_0060.jpg 1 28 4 60 60
1534_0026_0028_0048_0048.jpg 1 26 28 48 48
1535_0030_0047_0033_0033.jpg 1 30 47 33 33
1536_0012_0038_0044_0044.jpg 1 12 38 44 44
1537_0032_0033_0028_0028.jpg 1 32 33 28 28
1538_0005_0017_0061_0061.jpg 1 5 17 61 61
1539_0057_0031_0034_0034.jpg 1 57 31 34 34
1540_0039_0028_0036_0036.jpg 1 39 28 36 36
1541_0033_0033_0035_0035.jpg 1 33 33 35 35
1542_0006_0023_0062_0062.jpg 1 6 23 62 62
1543_0013_0028_0055_0055.jpg 1 13 28 55 55
1544_0012_0009_0031_0031.jpg 1 12 9 31 31
1545_0023_0009_0037_0037.jpg 1 23 9 37 37
1546_0030_0045_0049_0049.jpg 1 30 45 49 49
1547_0036_0008_0038_0038.jpg 1 36 8 38 38
1548_0026_0013_0045_0045.jpg 1 26 13 45 45
1549_0011_0011_0047_0047.jpg 1 11 11 47 47
1550_0009_0028_0053_0053.jpg 1 9 28 53 53
1551_0012_0041_0040_0040.jpg 1 12 41 40 40
1552_0014_0014_0051_0051.jpg 1 14 14 51 51
1553_0009_0023_0040_0040.jpg 1 9 23 40 40
1554_0051_0041_0041_0041.jpg 1 51 41 41 41
1555_0015_0035_0059_0059.jpg 1 15 35 59 59
1556_0012_0029_0048_0048.jpg 1 12 29 48 48
1557_0019_0018_0064_0064.jpg 1 19 18 64 64
1558_0006_0028_0051_0051.jpg 1 6 28 51 51
1559_0022_0023_0046_0046.jpg 1 22 23 46 46
1560_0015_0004_0062_0062.jpg 1 15 4 62 62
1561_0042_0027_0042_0042.jpg 1 42 27 42 42
1562_0039_0008_0036_0036.jpg 1 39 8 36 36
1563_0051_0024_0029_0029.jpg 1 51 24 29 29
1564_0013_0036_0043_0043.jpg 1 13 36 43 43
1565_0021_0021_0063_0063.jpg 1 21 21 63 63
1566_0029_0025_0053_0053.jpg 1 29 25 53 53
1567_0030_0014_0061_0061.jpg 1 30 14 61 61
1568_0039_0061_0031_0031.jpg 1 39 61 31 31
1569_0020_0026_0061_0061.jpg 1 20 26 61 61
1570_0010_0033_0045_0045.jpg 1 10 33 45 45
1571_0055_0061_0031_0031.jpg 1 55 61 31 31
1572_0050_0040_0027_0027.jpg 1 50 40 27 27
1573_0047_0043_0046_0046.jpg 1 47 43 46 46
1574_0021_0042_0048_0048.jpg 1 21 42 48 48
1575_0048_0015_0042_0042.jpg 1 48 15 42 42
1576_0017_0027_0040_0040.jpg 1 17 27 40 40
1577_0032_0028_0063_0063.jpg 1 32 28 63 63
1578_0026_0031_0051_0051.jpg 1 26 31 51 51
1579_0006_0021_0053_0053.jpg 1 6 21 53 53
1580_0049_0036_0030_0030.jpg 1 49 36 30 30
1581_0016_0009_0024_0024.jpg 1 16 9 24 24
1582_0022_0020_0050_0050.jpg 1 22 20 50 50
1583_0020_0036_0054_0054.jpg 1 20 36 54 54
1584_0008_0029_0051_0051.jpg 1 8 29 51 51
1585_0011_0012_0039_0039.jpg 1 11 12 39 39
1586_0021_0027_0068_0068.jpg 1 21 27 68 68
1587_0023_0005_0066_0066.jpg 1 23 5 66 66
1588_0017_0035_0036_0036.jpg 1 17 35 36 36
1589_0028_0014_0041_0041.jpg 1 28 14 41 41
1590_0037_0021_0055_0055.jpg 1 37 21 55 55
1591_0049_0042_0042_0042.jpg 1 49 42 42 42
1592_0062_0012_0025_0025.jpg 1 62 12 25 25
1593_0025_0017_0061_0061.jpg 1 25 17 61 61
1594_0026_0011_0063_0063.jpg 1 26 11 63 63
1595_0065_0035_0026_0026.jpg 1 65 35 26 26
1596_0028_0017_0055_0055.jpg 1 28 17 55 55
1597_0059_0059_0029_0029.jpg 1 59 59 29 29
1598_0031_0041_0051_0051.jpg 1 31 41 51 51
1599_0011_0008_0034_0034.jpg 1 11 8 34 34
1600_0054_0013_0034_0034.jpg 1 54 13 34 34
1601_0014_0005_0050_0050.jpg 1 14 5 50 50
1602_0029_0026_0036_0036.jpg 1 29 26 36 36
1603_0020_0013_0027_0027.jpg 1 20 13 27 27
1604_0013_0056_0031_0031.jpg 1 13 56 31 31
1605_0030_0025_0051_0051.jpg 1 30 25 51 51
1606_0006_0050_0042_0042.jpg 1 6 50 42 42
1607_0005_0013_0058_0058.jpg 1 5 13 58 58
1608_0040_0010_0028_0028.jpg 1 40 10 28 28
1609_0015_0032_0053_0053.jpg 1 15 32 53 53
1610_0057_0049_0030_0030.jpg 1 57 49 30 30
1611_0039_0041_0024_0024.jpg 1 39 41 24 24
1612_0014_0021_0061_0061.jpg 1 14 21 61 61
1613_0031_0013_0056_0056.jpg 1 31 13 56 56
1614_0028_0005_0050_0050.jpg 1 28 5 50 50
1615_0017_0024_0066_0066.jpg 1 17 24 66 66
1616_0045_0023_0028_0028.jpg 1 45 23 28 28
1617_0020_0027_0057_0057.jpg 1 20 27 57 57
1618_0011_0013_0065_0065.jpg 1 11 13 65 65
1619_0014_0012_0041_0041.jpg 1 14 12 41 41
1620_0039_0054_0035_0035.jpg 1 39 54 35 35
1621_0012_0047_0039_0039.jpg 1 12 47 39 39
1622_0036_0026_0044_0044.jpg 1 36 26 44 44
1623_0013_0016_0064_0064.jpg 1 13 16 64 64
1624_0035_0058_0027_0027.jpg 1 35 58 27 27
1625_0016_0006_0038_0038.jpg 1 16 6 38 38
1626_0025_0047_0039_0039.jpg 1 25 47 39 39
1627_0021_0038_0057_0057.jpg 1 21 38 57 57
1628_0019_0020_0054_0054.jpg 1 19 20 54 54
1629_0049_0014_0025_0025.jpg 1 49 14 25 25
1630_0023_0010_0028_0028.jpg 1 23 10 28 28
1631_0059_0018_0029_0029.jpg 1 59 18 29 29
1632_0017_0026_0054_0054.jpg 1 17 26 54 54
1633_0048_0011_0042_0042.jpg 1 48 11 42 42
1634_0017_0039_0051_0051.jpg 1 17 39 51 51
1635_0027_0006_0069_0069.jpg 1 27 6 69 69
1636_0012_0035_0059_0059.jpg 1 12 35 59 59
1637_0048_0038_0043_0043.jpg 1 48 38 43 43
1638_0012_0026_0030_0030.jpg 1 12 26 30 30
1639_0038_0007_0025_0025.jpg 1 38 7 25 25
1640_0017_0013_0037_0037.jpg 1 17 13 37 37
1641_0034_0018_0060_0060.jpg 1 34 18 60 60
1642_0030_0062_0025_0025.jpg 1 30 62 25 25
1643_0035_0013_0050_0050.jpg 1 35 13 50 50
1644_0025_0014_0060_0060.jpg 1 25 14 60 60
1645_0055_0044_0026_0026.jpg 1 55 44 26 26
1646_0015_0046_0025_0025.jpg 1 15 46 25 25
1647_0007_0024_0056_0056.jpg 1 7 24 56 56
1648_0030_0044_0041_0041.jpg 1 30 44 41 41
1649_0011_0019_0066_0066.jpg 1 11 19 66 66
1650_0047_0061_0028_0028.jpg 1 47 61 28 28
1651_0038_0026_0051_0051.jpg 1 38 26 51 51
1652_0040_0054_0029_0029.jpg 1 40 54 29 29
1653_0067_0020_0024_0024.jpg 1 67 20 24 24
1654_0044_0013_0040_0040.jpg 1 44 13 40 40
1655_0061_0066_0025_0025.jpg 1 61 66 25 25
1656_0017_0038_0025_0025.jpg 1 17 38 25 25
1657_0006_0032_0061_0061.jpg 1 6 32 61 61
1658_0025_0005_0067_0067.jpg 1 25 5 67 67
1659_0054_0048_0039_0039.jpg 1 54 48 39 39
1660_0023_0033_0033_0033.jpg 1 23 33 33 33
1661_0029_0021_0044_0044.jpg 1 29 21 44 44
1662_0023_0032_0047_0047.jpg 1 23 32 47 47
1663_0026_0006_0064_0064.jpg 1 26 6 64 64
1664_0018_0031_0064_0064.jpg 1 18 31 64 64
1665_0008_0032_0059_0059.jpg 1 8 32 59 59
1666_0042_0023_0052_0052.jpg 1 42 23 52 52
1667_0006_0003_0066_0066.jpg 1 6 3 66 66
1668_0045_0020_0048_0048.jpg 1 45 20 48 48
1669_0038_0013_0057_0057.jpg 1 38 13 57 57
1670_0011_0025_0027_0027.jpg 1 11 25 27 27
1671_0041_0015_0051_0051.jpg 1 41 15 51 51
1672_0031_0042_0041_0041.jpg 1 31 42 41 41
1673_0017_0018_0024_0024.jpg 1 17 18 24 24
1674_0014_0012_0035_0035.jpg 1 14 12 35 35
1675_0006_0014_0063_0063.jpg 1 6 14 63 63
1676_0021_0028_0052_0052.jpg 1 21 28 52 52
1677_0017_0019_0050_0050.jpg 1 17 19 50 50
1678_0043_0006_0036_0036.jpg 1 43 6 36 36
1679_0019_0060_0029_0029.jpg 1 19 60 29 29
1680_0012_0039_0039_0039.jpg 1 12 39 39 39
1681_0010_0026_0033_0033.jpg 1 10 26 33 33
1682_0039_0039_0045_0045.jpg 1 39 39 45 45
1683_0030_0029_0065_0065.jpg 1 30 29 65 65
1684_0020_0024_0051_0051.jpg 1 20 24 51 51
1685_0021_0025_0066_0066.jpg 1 21 25 66 66
1686_0016_0003_0061_0061.jpg 1 16 3 61 61
1687_0024_0024_0035_0035.jpg 1 24 24 35 35
1688_0008_0032_0058_0058.jpg 1 8 32 58 58
1689_0025_0016_0029_0029.jpg 1 25 16 29 29
1690_0010_0042_0049_0049.jpg 1 10 42 49 49
1691_0023_0043_0047_0047.jpg 1 23 43 47 47
1692_0063_0012_0027_0027.jpg 1 63 12 27 27
1693_0009_0022_0028_0028.jpg 1 9 22 28 28
1694_0022_0016_0025_0025.jpg 1 22 16 25 25
1695_0046_0006_0037_0037.jpg 1 46 6 37 37
1696_0039_0008_0047_0047.jpg 1 39 8 47 47
1697_0024_0036_0050_0050.jpg 1 24 36 50 50
1698_0009_0040_0051_0051.jpg 1 9 40 51 51
1699_0006_0016_0069_0069.jpg 1 6 16 69 69
1700_0009_0012_0055_0055.jpg 1 9 12 55 55
1701_0050_0027_0033_0033.jpg 1 50 27 33 33
1702_0017_0037_0055_0055.jpg 1 17 37 55 55
1703_0012_0010_0069_0069.jpg 1 12 10 69 69
1704_0011_0032_0046_0046.jpg 1 11 32 46 46
1705_0030_0026_0057_0057.jpg 1 30 26 57 57
1706_0027_0020_0045_0045.jpg 1 27 20 45 45
1707_0010_0007_0056_0056.jpg 1 10 7 56 56
1708_0016_0025_0060_0060.jpg 1 16 25 60 60
1709_0060_0039_0031_0031.jpg 1 60 39 31 31
1710_0034_0036_0052_0052.jpg 1 34 36 52 52
1711_0009_0011_0068_0068.jpg 1 9 11 68 68
1712_0021_0019_0063_0063.jpg 1 21 19 63 63
1713_0005_0005_0061_0061.jpg 1 5 5 61 61
1714_0004_0015_0069_0069.jpg 1 4 15 69 69
1715_0029_0031_0036_0036.jpg 1 29 31 36 36
1716_0009_0049_0035_0035.jpg 1 9 49 35 35
1717_0049_0042_0024_0024.jpg 1 49 42 24 24
1718_0038_0025_0052_0052.jpg 1 38 25 52 52
1719_0003_0007_0065_0065.jpg 1 3 7 65 65
1720_0005_0037_0057_0057.jpg 1 5 37 57 57
1721_0032_0020_0052_0052.jpg 1 32 20 52 52
1722_0012_0022_0063_0063.jpg 1 12 22 63 63
1723_0010_0033_0054_0054.jpg 1 10 33 54 54
1724_0045_0063_0029_0029.jpg 1 45 63 29 29
1725_0026_0055_0035_0035.jpg 1 26 55 35 35
1726_0042_0034_0038_0038.jpg 1 42 34 38 38
1727_0034_0008_0025_0025.jpg 1 34 8 25 25
1728_0008_0043_0031_0031.jpg 1 8 43 31 31
1729_0017_0050_0044_0044.jpg 1 17 50 44 44
1730_0006_0031_0048_0048.jpg 1 6 31 48 48
1731_0039_0021_0053_0053.jpg 1 39 21 53 53
1732_0020_0007_0056_0056.jpg 1 20 7 56 56
1733_0021_0027_0057_0057.jpg 1 21 27 57 57
1734_0028_0007_0058_0058.jpg 1 28 7 58 58
1735_0033_0010_0036_0036.jpg 1 33 10 36 36
1736_0049_0008_0036_0036.jpg 1 49 8 36 36
1737_0032_0014_0054_0054.jpg 1 32 14 54 54
1738_0053_0037_0034_0034.jpg 1 53 37 34 34
1739_0011_0029_0055_0055.jpg 1 11 29 55 55
1740_0014_0026_0056_0056.jpg 1 14 26 56 56
1741_0056_0061_0031_0031.jpg 1 56 61 31 31
1742_0026_0011_0051_0051.jpg 1 26 11 51 51
1743_0026_0019_0041_0041.jpg 1 26 19 41 41
1744_0042_0011_0026_0026.jpg 1 42 11 26 26
1745_0032_0023_0047_0047.jpg 1 32 23 47 47
1746_0007_0030_0056_0056.jpg 1 7 30 56 56
1747_0059_0060_0032_0032.jpg 1 59 60 32 32
1748_0023_0033_0048_0048.jpg 1 23 33 48 48
1749_0054_0034_0028_0028.jpg 1 54 34 28 28
1750_0023_0037_0047_0047.jpg 1 23 37 47 47
1751_0014_0018_0064_0064.jpg 1 14 18 64 64
1752_0028_0023_0051_0051.jpg 1 28 23 51 51
1753_0037_0010_0041_0041.jpg 1 37 10 41 41
1754_0036_0006_0036_0036.jpg 1 36 6 36 36
1755_0032_0025_0025_0025.jpg 1 32 25 25 25
1756_0030_0007_0059_0059.jpg 1 30 7 59 59
1757_0020_0008_0065_0065.jpg 1 20 8 65 65
1758_0008_0025_0067_0067.jpg 1 8 25 67 67
1759_0033_0011_0037_0037.jpg 1 33 11 37 37
1760_0025_0034_0041_0041.jpg 1 25 34 41 41
1761_0042_0034_0032_0032.jpg 1 42 34 32 32
1762_0050_0019_0033_0033.jpg 1 50 19 33 33
1763_0060_0007_0026_0026.jpg 1 60 7 26 26
1764_0047_0050_0034_0034.jpg 1 47 50 34 34
1765_0030_0023_0054_0054.jpg 1 30 23 54 54
1766_0014_0015_0065_0065.jpg 1 14 15 65 65
1767_0050_0028_0041_0041.jpg 1 50 28 41 41
1768_0026_0023_0024_0024.jpg 1 26 23 24 24
1769_0011_0013_0065_0065.jpg 1 11 13 65 65
1770_0052_0039_0030_0030.jpg 1 52 39 30 30
1771_0039_0046_0027_0027.jpg 1 39 46 27 27
1772_0007_0013_0068_0068.jpg 1 7 13 68 68
1773_0029_0012_0059_0059.jpg 1 29 12 59 59
1774_0007_0005_0048_0048.jpg 1 7 5 48 48
1775_0014_0006_0045_0045.jpg 1 14 6 45 45
1776_0019_0016_0042_0042.jpg 1 19 16 42 42
1777_0037_0044_0038_0038.jpg 1 37 44 38 38
1778_0004_0025_0064_0064.jpg 1 4 25 64 64
1779_0008_0018_0044_0044.jpg 1 8 18 44 44
1780_0043_0033_0037_0037.jpg 1 43 33 37 37
1781_0041_0039_0042_0042.jpg 1 41 39 42 42
1782_0054_0036_0037_0037.jpg 1 54 36 37 37
1783_0006_0004_0062_0062.jpg 1 6 4 62 62
1784_0014_0033_0039_0039.jpg 1 14 33 39 39
1785_0035_0009_0035_0035.jpg 1 35 9 35 35
1786_0010_0018_0060_0060.jpg 1 10 18 60 60
1787_0012_0028_0047_0047.jpg 1 12 28 47 47
1788_0015_0032_0046_0046.jpg 1 15 32 46 46
1789_0038_0023_0037_0037.jpg 1 38 23 37 37
1790_0025_0020_0048_0048.jpg 1 25 20 48 48
1791_0043_0037_0044_0044.jpg 1 43 37 44 44
1792_0037_0012_0038_0038.jpg 1 37 12 38 38
1793_0023_0004_0069_0069.jpg 1 23 4 69 69
1794_0046_0027_0029_0029.jpg 1 46 27 29 29
1795_0027_0018_0040_0040.jpg 1 27 18 40 40
1796_0031_0013_0065_0065.jpg 1 31 13 65 65
1797_0049_0028_0044_0044.jpg 1 49 28 44 44
1798_0020_0034_0042_0042.jpg 1 20 34 42 42
1799_0032_0020_0054_0054.jpg 1 32 20 54 54
1800_0034_0037_0056_0056.jpg 1 34 37 56 56
1801_0026_0044_0050_0050.jpg 1 26 44 50 50
1802_0005_0004_0067_0067.jpg 1 5 4 67 67
1803_0024_0035_0036_0036.jpg 1 24 35 36 36
1804_0006_0021_0067_0067.jpg 1 6 21 67 67
1805_0049_0039_0028_0028.jpg 1 49 39 28 28
1806_0037_0019_0056_0056.jpg 1 37 19 56 56
1807_0027_0030_0059_0059.jpg 1 27 30 59 59
1808_0017_0022_0067_0067.jpg 1 17 22 67 67
1809_0019_0022_0052_0052.jpg 1 19 22 52 52
1810_0027_0022_0069_0069.jpg 1 27 22 69 69
1811_0033_0018_0059_0059.jpg 1 33 18 59 59
1812_0022_0020_0037_0037.jpg 1 22 20 37 37
1813_0033_0033_0030_0030.jpg 1 33 33 30 30
1814_0034_0018_0041_0041.jpg 1 34 18 41 41
1815_0025_0018_0069_0069.jpg 1 25 18 69 69
1816_0007_0008_0068_0068.jpg 1 7 8 68 68
1817_0020_0034_0048_0048.jpg 1 20 34 48 48
1818_0013_0043_0037_0037.jpg 1 13 43 37 37
1819_0012_0008_0038_0038.jpg 1 12 8 38 38
1820_0005_0021_0069_0069.jpg 1 5 21 69 69
1821_0035_0010_0041_0041.jpg 1 35 10 41 41
1822_0024_0035_0055_0055.jpg 1 24 35 55 55
1823_0033_0053_0027_0027.jpg 1 33 53 27 27
1824_0041_0014_0031_0031.jpg 1 41 14 31 31
1825_0011_0006_0067_0067.jpg 1 11 6 67 67
1826_0025_0030_0059_0059.jpg 1 25 30 59 59
1827_0016_0028_0066_0066.jpg 1 16 28 66 66
1828_0019_0063_0025_0025.jpg 1 19 63 25 25
1829_0028_0044_0049_0049.jpg 1 28 44 49 49
1830_0015_0038_0039_0039.jpg 1 15 38 39 39
1831_0037_0025_0056_0056.jpg 1 37 25 56 56
1832_0043_0032_0034_0034.jpg 1 43 32 34 34
1833_0007_0025_0068_0068.jpg 1 7 25 68 68
1834_0039_0005_0054_0054.jpg 1 39 5 54 54
1835_0022_0031_0034_0034.jpg 1 22 31 34 34
1836_0039_0044_0045_0045.jpg 1 39 44 45 45
1837_0026_0029_0060_0060.jpg 1 26 29 60 60
1838_0023_0021_0059_0059.jpg 1 23 21 59 59
1839_0031_0055_0026_0026.jpg 1 31 55 26 26
1840_0021_0022_0032_0032.jpg 1 21 22 32 32
1841_0011_0050_0036_0036.jpg 1 11 50 36 36
1842_0039_0044_0042_0042.jpg 1 39 44 42 42
1843_0013_0016_0065_0065.jpg 1 13 16 65 65
1844_0013_0005_0068_0068.jpg 1 13 5 68 68
1845_0008_0016_0044_0044.jpg 1 8 16 44 44
1846_0024_0026_0063_0063.jpg 1 24 26 63 63
1847_0024_0047_0036_0036.jpg 1 24 47 36 36
1848_0012_0017_0043_0043.jpg 1 12 17 43 43
1849_0021_0004_0066_0066.jpg 1 21 4 66 66
1850_0025_0036_0055_0055.jpg 1 25 36 55 55
1851_0048_0033_0024_0024.jpg 1 48 33 24 24
1852_0027_0018_0053_0053.jpg 1 27 18 53 53
1853_0031_0035_0060_0060.jpg 1 31 35 60 60
1854_0010_0036_0035_0035.jpg 1 10 36 35 35
1855_0019_0008_0049_0049.jpg 1 19 8 49 49
1856_0030_0017_0035_0035.jpg 1 30 17 35 35
1857_0017_0026_0063_0063.jpg 1 17 26 63 63
1858_0056_0053_0024_0024.jpg 1 56 53 24 24
1859_0008_0016_0053_0053.jpg 1 8 16 53 53
1860_0016_0008_0062_0062.jpg 1 16 8 62 62
1861_0052_0035_0040_0040.jpg 1 52 35 40 40
1862_0043_0043_0049_0049.jpg 1 43 43 49 49
1863_0044_0050_0040_0040.jpg 1 44 50 40 40
1864_0031_0037_0024_0024.jpg 1 31 37 24 24
1865_0034_0026_0055_0055.jpg 1 34 26 55 55
1866_0010_0024_0063_0063.jpg 1 10 24 63 63
1867_0058_0037_0025_0025.jpg 1 58 37 25 25
1868_0006_0041_0046_0046.jpg 1 6 41 46 46
1869_0041_0037_0034_0034.jpg 1 41 37 34 34
1870_0013_0008_0041_0041.jpg 1 13 8 41 41
1871_0033_0021_0060_0060.jpg 1 33 21 60 60
1872_0050_0021_0038_0038.jpg 1 50 21 38 38
1873_0016_0007_0054_0054.jpg 1 16 7 54 54
1874_0026_0029_0061_0061.jpg 1 26 29 61 61
1875_0023_0021_0067_0067.jpg 1 23 21 67 67
1876_0063_0063_0024_0024.jpg 1 63 63 24 24
1877_0032_0009_0050_0050.jpg 1 32 9 50 50
1878_0008_0007_0054_0054.jpg 1 8 7 54 54
1879_0003_0025_0067_0067.jpg 1 3 25 67 67
1880_0065_0053_0025_0025.jpg 1 65 53 25 25
1881_0018_0032_0058_0058.jpg 1 18 32 58 58
1882_0015_0005_0050_0050.jpg 1 15 5 50 50
1883_0042_0016_0048_0048.jpg 1 42 16 48 48
1884_0063_0059_0026_0026.jpg 1 63 59 26 26
1885_0038_0027_0040_0040.jpg 1 38 27 40 40
1886_0036_0043_0040_0040.jpg 1 36 43 40 40
1887_0027_0033_0046_0046.jpg 1 27 33 46 46
1888_0010_0042_0040_0040.jpg 1 10 42 40 40
1889_0016_0015_0054_0054.jpg 1 16 15 54 54
1890_0024_0021_0050_0050.jpg 1 24 21 50 50
1891_0024_0013_0052_0052.jpg 1 24 13 52 52
1892_0024_0033_0037_0037.jpg 1 24 33 37 37
1893_0034_0012_0029_0029.jpg 1 34 12 29 29
1894_0056_0032_0029_0029.jpg 1 56 32 29 29
1895_0048_0034_0045_0045.jpg 1 48 34 45 45
1896_0026_0021_0053_0053.jpg 1 26 21 53 53
1897_0029_0031_0050_0050.jpg 1 29 31 50 50
1898_0034_0024_0027_0027.jpg 1 34 24 27 27
1899_0008_0014_0056_0056.jpg 1 8 14 56 56
1900_0008_0020_0066_0066.jpg 1 8 20 66 66
1901_0024_0012_0063_0063.jpg 1 24 12 63 63
1902_0009_0032_0035_0035.jpg 1 9 32 35 35
1903_0022_0025_0062_0062.jpg 1 22 25 62 62
1904_0018_0063_0028_0028.jpg 1 18 63 28 28
1905_0026_0031_0059_0059.jpg 1 26 31 59 59
1906_0012_0025_0057_0057.jpg 1 12 25 57 57
1907_0010_0017_0069_0069.jpg 1 10 17 69 69
1908_0022_0035_0025_0025.jpg 1 22 35 25 25
1909_0029_0038_0041_0041.jpg 1 29 38 41 41
1910_0008_0020_0031_0031.jpg 1 8 20 31 31
1911_0006_0029_0062_0062.jpg 1 6 29 62 62
1912_0030_0006_0060_0060.jpg 1 30 6 60 60
1913_0010_0017_0063_0063.jpg 1 10 17 63 63
1914_0025_0031_0059_0059.jpg 1 25 31 59 59
1915_0052_0055_0031_0031.jpg 1 52 55 31 31
1916_0033_0038_0044_0044.jpg 1 33 38 44 44
1917_0058_0020_0032_0032.jpg 1 58 20 32 32
1918_0010_0017_0064_0064.jpg 1 10 17 64 64
1919_0043_0021_0042_0042.jpg 1 43 21 42 42
1920_0011_0029_0067_0067.jpg 1 11 29 67 67
1921_0015_0011_0024_0024.jpg 1 15 11 24 24
1922_0013_0024_0027_0027.jpg 1 13 24 27 27
1923_0012_0015_0047_0047.jpg 1 12 15 47 47
1924_0050_0041_0031_0031.jpg 1 50 41 31 31
1925_0005_0024_0061_0061.jpg 1 5 24 61 61
1926_0014_0039_0037_0037.jpg 1 14 39 37 37
1927_0028_0030_0043_0043.jpg 1 28 30 43 43
1928_0044_0017_0046_0046.jpg 1 44 17 46 46
1929_0006_0020_0065_0065.jpg 1 6 20 65 65
1930_0041_0009_0049_0049.jpg 1 41 9 49 49
1931_0022_0015_0033_0033.jpg 1 22 15 33 33
1932_0022_0038_0026_0026.jpg 1 22 38 26 26
1933_0036_0014_0048_0048.jpg 1 36 14 48 48
1934_0056_0029_0028_0028.jpg 1 56 29 28 28
1935_0045_0038_0024_0024.jpg 1 45 38 24 24
1936_0004_0008_0058_0058.jpg 1 4 8 58 58
1937_0056_0018_0027_0027.jpg 1 56 18 27 27
1938_0036_0038_0028_0028.jpg 1 36 38 28 28
1939_0039_0054_0030_0030.jpg 1 39 54 30 30
1940_0009_0023_0065_0065.jpg 1 9 23 65 65
1941_0029_0029_0055_0055.jpg 1 29 29 55 55
1942_0058_0029_0034_0034.jpg 1 58 29 34 34
1943_0038_0032_0044_0044.jpg 1 38 32 44 44
1944_0052_0014_0039_0039.jpg 1 52 14 39 39
1945_0039_0022_0044_0044.jpg 1 39 22 44 44
1946_0031_0035_0037_0037.jpg 1 31 35 37 37
1947_0039_0033_0028_0028.jpg 1 39 33 28 28
1948_0037_0028_0054_0054.jpg 1 37 28 54 54
1949_0018_0022_0034_0034.jpg 1 18 22 34 34
1950_0009_0023_0038_0038.jpg 1 9 23 38 38
